<?xml version="1.0" ?>
<!DOCTYPE coverage SYSTEM "http://cobertura.sourceforge.net/xml/coverage-04.dtd">
<coverage lines-valid="3274"  lines-covered="1661"  line-rate="0.5073"  branches-valid="1918"  branches-covered="735"  branch-rate="0.3832"  timestamp="1453470605542" complexity="0" version="0.1">
<sources>
	<source>/Users/zigfred/WebstormProjects/bugfix/bi-report</source>
</sources>
<packages>
	<package name="adhoc.chart"  line-rate="0.7364"  branch-rate="0.664" >
	<classes>
		<class name="Highcharts.js"  filename="src/adhoc/chart/Highcharts.js"  line-rate="0.8"  branch-rate="0.75" >
		<methods>
			<method name="(anonymous_1)"  hits="1"  signature="()V" >
				<lines><line number="16"  hits="1" /></lines>
			</method>
			<method name="(anonymous_2)"  hits="1"  signature="()V" >
				<lines><line number="32"  hits="1" /></lines>
			</method>
		</methods>
		<lines>
			<line number="16"  hits="1"  branch="false" />
			<line number="19"  hits="1"  branch="true"  condition-coverage="75% (3/4)" />
			<line number="20"  hits="1"  branch="false" />
			<line number="30"  hits="0"  branch="false" />
			<line number="35"  hits="1"  branch="false" />
		</lines>
		</class>
		<class name="adhocDataProcessor.js"  filename="src/adhoc/chart/adhocDataProcessor.js"  line-rate="0.7463"  branch-rate="0.5928" >
		<methods>
			<method name="(anonymous_1)"  hits="1"  signature="()V" >
				<lines><line number="52"  hits="1" /></lines>
			</method>
			<method name="(anonymous_2)"  hits="1"  signature="()V" >
				<lines><line number="63"  hits="1" /></lines>
			</method>
			<method name="(anonymous_3)"  hits="38"  signature="()V" >
				<lines><line number="72"  hits="38" /></lines>
			</method>
			<method name="(anonymous_4)"  hits="25"  signature="()V" >
				<lines><line number="76"  hits="25" /></lines>
			</method>
			<method name="(anonymous_5)"  hits="25"  signature="()V" >
				<lines><line number="89"  hits="25" /></lines>
			</method>
			<method name="(anonymous_6)"  hits="2"  signature="()V" >
				<lines><line number="154"  hits="2" /></lines>
			</method>
			<method name="(anonymous_7)"  hits="74"  signature="()V" >
				<lines><line number="230"  hits="74" /></lines>
			</method>
			<method name="(anonymous_8)"  hits="50"  signature="()V" >
				<lines><line number="248"  hits="50" /></lines>
			</method>
			<method name="(anonymous_9)"  hits="2"  signature="()V" >
				<lines><line number="281"  hits="2" /></lines>
			</method>
			<method name="(anonymous_10)"  hits="50"  signature="()V" >
				<lines><line number="381"  hits="50" /></lines>
			</method>
			<method name="(anonymous_11)"  hits="94"  signature="()V" >
				<lines><line number="391"  hits="94" /></lines>
			</method>
			<method name="(anonymous_12)"  hits="7"  signature="()V" >
				<lines><line number="407"  hits="7" /></lines>
			</method>
			<method name="(anonymous_13)"  hits="50"  signature="()V" >
				<lines><line number="422"  hits="50" /></lines>
			</method>
			<method name="(anonymous_14)"  hits="2"  signature="()V" >
				<lines><line number="452"  hits="2" /></lines>
			</method>
			<method name="(anonymous_15)"  hits="52"  signature="()V" >
				<lines><line number="631"  hits="52" /></lines>
			</method>
			<method name="(anonymous_16)"  hits="0"  signature="()V" >
				<lines><line number="653"  hits="0" /></lines>
			</method>
			<method name="(anonymous_17)"  hits="8"  signature="()V" >
				<lines><line number="673"  hits="8" /></lines>
			</method>
			<method name="(anonymous_18)"  hits="44"  signature="()V" >
				<lines><line number="720"  hits="44" /></lines>
			</method>
			<method name="(anonymous_19)"  hits="116"  signature="()V" >
				<lines><line number="941"  hits="116" /></lines>
			</method>
			<method name="(anonymous_20)"  hits="6"  signature="()V" >
				<lines><line number="963"  hits="6" /></lines>
			</method>
			<method name="(anonymous_21)"  hits="0"  signature="()V" >
				<lines><line number="994"  hits="0" /></lines>
			</method>
			<method name="(anonymous_22)"  hits="145"  signature="()V" >
				<lines><line number="1006"  hits="145" /></lines>
			</method>
			<method name="(anonymous_23)"  hits="273"  signature="()V" >
				<lines><line number="1026"  hits="273" /></lines>
			</method>
			<method name="(anonymous_24)"  hits="54"  signature="()V" >
				<lines><line number="1106"  hits="54" /></lines>
			</method>
			<method name="(anonymous_25)"  hits="4"  signature="()V" >
				<lines><line number="1110"  hits="4" /></lines>
			</method>
			<method name="(anonymous_26)"  hits="0"  signature="()V" >
				<lines><line number="1127"  hits="0" /></lines>
			</method>
			<method name="(anonymous_27)"  hits="19"  signature="()V" >
				<lines><line number="1145"  hits="19" /></lines>
			</method>
			<method name="(anonymous_28)"  hits="25"  signature="()V" >
				<lines><line number="1147"  hits="25" /></lines>
			</method>
			<method name="(anonymous_29)"  hits="20"  signature="()V" >
				<lines><line number="1150"  hits="20" /></lines>
			</method>
			<method name="(anonymous_30)"  hits="19"  signature="()V" >
				<lines><line number="1158"  hits="19" /></lines>
			</method>
			<method name="(anonymous_31)"  hits="50"  signature="()V" >
				<lines><line number="1168"  hits="50" /></lines>
			</method>
			<method name="(anonymous_32)"  hits="2"  signature="()V" >
				<lines><line number="1184"  hits="2" /></lines>
			</method>
			<method name="(anonymous_33)"  hits="1"  signature="()V" >
				<lines><line number="1187"  hits="1" /></lines>
			</method>
			<method name="(anonymous_34)"  hits="1"  signature="()V" >
				<lines><line number="1188"  hits="1" /></lines>
			</method>
			<method name="(anonymous_35)"  hits="1"  signature="()V" >
				<lines><line number="1196"  hits="1" /></lines>
			</method>
			<method name="(anonymous_36)"  hits="48"  signature="()V" >
				<lines><line number="1206"  hits="48" /></lines>
			</method>
			<method name="(anonymous_37)"  hits="0"  signature="()V" >
				<lines><line number="1236"  hits="0" /></lines>
			</method>
			<method name="(anonymous_38)"  hits="0"  signature="()V" >
				<lines><line number="1239"  hits="0" /></lines>
			</method>
		</methods>
		<lines>
			<line number="52"  hits="1"  branch="false" />
			<line number="55"  hits="1"  branch="true"  condition-coverage="75% (3/4)" />
			<line number="56"  hits="1"  branch="false" />
			<line number="61"  hits="0"  branch="false" />
			<line number="67"  hits="1"  branch="false" />
			<line number="73"  hits="38"  branch="true"  condition-coverage="50% (1/2)" />
			<line number="77"  hits="25"  branch="false" />
			<line number="78"  hits="25"  branch="false" />
			<line number="79"  hits="25"  branch="false" />
			<line number="80"  hits="25"  branch="false" />
			<line number="82"  hits="25"  branch="false" />
			<line number="84"  hits="25"  branch="true"  condition-coverage="50% (1/2)" />
			<line number="85"  hits="0"  branch="false" />
			<line number="86"  hits="0"  branch="false" />
			<line number="90"  hits="25"  branch="false" />
			<line number="92"  hits="25"  branch="false" />
			<line number="93"  hits="25"  branch="true"  condition-coverage="100% (2/2)" />
			<line number="95"  hits="25"  branch="true"  condition-coverage="50% (1/2)" />
			<line number="97"  hits="25"  branch="false" />
			<line number="100"  hits="25"  branch="true"  condition-coverage="100% (2/2)" />
			<line number="101"  hits="1"  branch="false" />
			<line number="102"  hits="1"  branch="false" />
			<line number="103"  hits="1"  branch="false" />
			<line number="104"  hits="1"  branch="false" />
			<line number="106"  hits="1"  branch="false" />
			<line number="107"  hits="1"  branch="false" />
			<line number="109"  hits="1"  branch="false" />
			<line number="110"  hits="1"  branch="false" />
			<line number="112"  hits="25"  branch="false" />
			<line number="113"  hits="25"  branch="false" />
			<line number="116"  hits="25"  branch="true"  condition-coverage="100% (2/2)" />
			<line number="117"  hits="25"  branch="true"  condition-coverage="100% (2/2)" />
			<line number="121"  hits="25"  branch="false" />
			<line number="122"  hits="25"  branch="false" />
			<line number="125"  hits="25"  branch="true"  condition-coverage="50% (1/2)" />
			<line number="126"  hits="25"  branch="false" />
			<line number="127"  hits="25"  branch="false" />
			<line number="130"  hits="25"  branch="true"  condition-coverage="50% (1/2)" />
			<line number="131"  hits="25"  branch="true"  condition-coverage="50% (1/2)" />
			<line number="132"  hits="25"  branch="true"  condition-coverage="50% (1/2)" />
			<line number="133"  hits="25"  branch="true"  condition-coverage="50% (1/2)" />
			<line number="134"  hits="25"  branch="true"  condition-coverage="50% (1/2)" />
			<line number="135"  hits="25"  branch="true"  condition-coverage="50% (1/2)" />
			<line number="155"  hits="2"  branch="false" />
			<line number="156"  hits="2"  branch="false" />
			<line number="159"  hits="2"  branch="false" />
			<line number="160"  hits="4"  branch="false" />
			<line number="161"  hits="4"  branch="false" />
			<line number="162"  hits="4"  branch="false" />
			<line number="164"  hits="4"  branch="true"  condition-coverage="50% (1/2)" />
			<line number="169"  hits="4"  branch="false" />
			<line number="170"  hits="4"  branch="false" />
			<line number="171"  hits="4"  branch="false" />
			<line number="173"  hits="4"  branch="true"  condition-coverage="100% (5/5)" />
			<line number="174"  hits="2"  branch="false" />
			<line number="176"  hits="2"  branch="false" />
			<line number="177"  hits="2"  branch="true"  condition-coverage="50% (1/2)" />
			<line number="178"  hits="2"  branch="false" />
			<line number="179"  hits="2"  branch="false" />
			<line number="184"  hits="2"  branch="false" />
			<line number="185"  hits="2"  branch="true"  condition-coverage="50% (1/2)" />
			<line number="186"  hits="0"  branch="false" />
			<line number="193"  hits="2"  branch="false" />
			<line number="195"  hits="2"  branch="false" />
			<line number="198"  hits="4"  branch="false" />
			<line number="199"  hits="4"  branch="false" />
			<line number="209"  hits="4"  branch="true"  condition-coverage="75% (3/4)" />
			<line number="211"  hits="4"  branch="false" />
			<line number="216"  hits="4"  branch="false" />
			<line number="218"  hits="2"  branch="false" />
			<line number="221"  hits="4"  branch="false" />
			<line number="223"  hits="2"  branch="true"  condition-coverage="50% (1/2)" />
			<line number="224"  hits="0"  branch="false" />
			<line number="225"  hits="0"  branch="false" />
			<line number="227"  hits="2"  branch="false" />
			<line number="231"  hits="74"  branch="true"  condition-coverage="100% (2/2)" />
			<line number="232"  hits="25"  branch="false" />
			<line number="235"  hits="74"  branch="false" />
			<line number="236"  hits="74"  branch="false" />
			<line number="237"  hits="85"  branch="true"  condition-coverage="100% (2/2)" />
			<line number="238"  hits="74"  branch="false" />
			<line number="249"  hits="50"  branch="false" />
			<line number="250"  hits="50"  branch="false" />
			<line number="251"  hits="50"  branch="false" />
			<line number="252"  hits="50"  branch="false" />
			<line number="254"  hits="50"  branch="false" />
			<line number="255"  hits="55"  branch="true"  condition-coverage="100% (2/2)" />
			<line number="256"  hits="31"  branch="false" />
			<line number="259"  hits="50"  branch="false" />
			<line number="282"  hits="2"  branch="false" />
			<line number="283"  hits="2"  branch="true"  condition-coverage="50% (1/2)" />
			<line number="284"  hits="2"  branch="false" />
			<line number="286"  hits="2"  branch="false" />
			<line number="287"  hits="2"  branch="false" />
			<line number="288"  hits="2"  branch="false" />
			<line number="289"  hits="2"  branch="true"  condition-coverage="50% (1/2)" />
			<line number="291"  hits="2"  branch="false" />
			<line number="292"  hits="2"  branch="false" />
			<line number="293"  hits="2"  branch="false" />
			<line number="294"  hits="2"  branch="false" />
			<line number="295"  hits="2"  branch="true"  condition-coverage="50% (1/2)" />
			<line number="296"  hits="2"  branch="false" />
			<line number="297"  hits="2"  branch="false" />
			<line number="298"  hits="2"  branch="false" />
			<line number="299"  hits="2"  branch="false" />
			<line number="301"  hits="2"  branch="false" />
			<line number="302"  hits="3"  branch="false" />
			<line number="303"  hits="3"  branch="true"  condition-coverage="100% (2/2)" />
			<line number="304"  hits="1"  branch="false" />
			<line number="305"  hits="1"  branch="false" />
			<line number="307"  hits="3"  branch="true"  condition-coverage="50% (1/2)" />
			<line number="309"  hits="0"  branch="true"  condition-coverage="0% (0/2)" />
			<line number="310"  hits="0"  branch="false" />
			<line number="313"  hits="0"  branch="false" />
			<line number="315"  hits="0"  branch="false" />
			<line number="322"  hits="0"  branch="false" />
			<line number="323"  hits="0"  branch="false" />
			<line number="324"  hits="0"  branch="false" />
			<line number="325"  hits="0"  branch="false" />
			<line number="326"  hits="0"  branch="false" />
			<line number="328"  hits="0"  branch="false" />
			<line number="335"  hits="3"  branch="true"  condition-coverage="75% (3/4)" />
			<line number="336"  hits="0"  branch="false" />
			<line number="337"  hits="0"  branch="true"  condition-coverage="0% (0/2)" />
			<line number="338"  hits="0"  branch="true"  condition-coverage="0% (0/2)" />
			<line number="341"  hits="3"  branch="false" />
			<line number="347"  hits="3"  branch="false" />
			<line number="348"  hits="3"  branch="false" />
			<line number="350"  hits="3"  branch="false" />
			<line number="352"  hits="2"  branch="true"  condition-coverage="50% (1/2)" />
			<line number="353"  hits="0"  branch="false" />
			<line number="356"  hits="2"  branch="false" />
			<line number="358"  hits="2"  branch="false" />
			<line number="359"  hits="2"  branch="false" />
			<line number="370"  hits="2"  branch="false" />
			<line number="372"  hits="2"  branch="false" />
			<line number="373"  hits="2"  branch="false" />
			<line number="374"  hits="2"  branch="true"  condition-coverage="50% (1/2)" />
			<line number="375"  hits="0"  branch="false" />
			<line number="376"  hits="0"  branch="false" />
			<line number="378"  hits="2"  branch="false" />
			<line number="382"  hits="50"  branch="false" />
			<line number="383"  hits="50"  branch="false" />
			<line number="384"  hits="50"  branch="true"  condition-coverage="50% (1/2)" />
			<line number="385"  hits="50"  branch="false" />
			<line number="388"  hits="0"  branch="false" />
			<line number="392"  hits="94"  branch="false" />
			<line number="393"  hits="94"  branch="false" />
			<line number="394"  hits="210"  branch="false" />
			<line number="395"  hits="210"  branch="false" />
			<line number="396"  hits="210"  branch="true"  condition-coverage="50% (1/2)" />
			<line number="397"  hits="210"  branch="false" />
			<line number="398"  hits="210"  branch="true"  condition-coverage="100% (2/2)" />
			<line number="399"  hits="44"  branch="false" />
			<line number="403"  hits="0"  branch="false" />
			<line number="408"  hits="7"  branch="false" />
			<line number="409"  hits="7"  branch="true"  condition-coverage="100% (2/2)" />
			<line number="410"  hits="6"  branch="false" />
			<line number="412"  hits="1"  branch="true"  condition-coverage="75% (3/4)" />
			<line number="414"  hits="0"  branch="false" />
			<line number="416"  hits="1"  branch="false" />
			<line number="423"  hits="50"  branch="false" />
			<line number="424"  hits="50"  branch="false" />
			<line number="425"  hits="50"  branch="false" />
			<line number="426"  hits="50"  branch="false" />
			<line number="433"  hits="50"  branch="false" />
			<line number="434"  hits="50"  branch="true"  condition-coverage="50% (1/2)" />
			<line number="435"  hits="0"  branch="false" />
			<line number="437"  hits="0"  branch="false" />
			<line number="439"  hits="50"  branch="false" />
			<line number="453"  hits="2"  branch="false" />
			<line number="454"  hits="2"  branch="true"  condition-coverage="50% (1/2)" />
			<line number="455"  hits="0"  branch="false" />
			<line number="456"  hits="2"  branch="true"  condition-coverage="50% (1/2)" />
			<line number="457"  hits="0"  branch="false" />
			<line number="460"  hits="2"  branch="false" />
			<line number="461"  hits="2"  branch="true"  condition-coverage="50% (1/2)" />
			<line number="462"  hits="0"  branch="false" />
			<line number="464"  hits="2"  branch="true"  condition-coverage="50% (1/2)" />
			<line number="466"  hits="2"  branch="true"  condition-coverage="50% (1/2)" />
			<line number="467"  hits="0"  branch="false" />
			<line number="476"  hits="2"  branch="true"  condition-coverage="75% (3/4)" />
			<line number="477"  hits="0"  branch="true"  condition-coverage="0% (0/2)" />
			<line number="478"  hits="0"  branch="false" />
			<line number="483"  hits="0"  branch="false" />
			<line number="484"  hits="0"  branch="false" />
			<line number="485"  hits="0"  branch="false" />
			<line number="486"  hits="0"  branch="true"  condition-coverage="0% (0/2)" />
			<line number="488"  hits="0"  branch="false" />
			<line number="495"  hits="2"  branch="false" />
			<line number="511"  hits="2"  branch="false" />
			<line number="513"  hits="2"  branch="false" />
			<line number="514"  hits="2"  branch="false" />
			<line number="515"  hits="2"  branch="false" />
			<line number="517"  hits="2"  branch="false" />
			<line number="518"  hits="2"  branch="false" />
			<line number="519"  hits="2"  branch="false" />
			<line number="521"  hits="2"  branch="false" />
			<line number="522"  hits="2"  branch="true"  condition-coverage="100% (2/2)" />
			<line number="523"  hits="1"  branch="false" />
			<line number="527"  hits="2"  branch="true"  condition-coverage="100% (4/4)" />
			<line number="528"  hits="1"  branch="false" />
			<line number="540"  hits="1"  branch="false" />
			<line number="541"  hits="1"  branch="false" />
			<line number="542"  hits="1"  branch="true"  condition-coverage="50% (1/2)" />
			<line number="543"  hits="1"  branch="false" />
			<line number="547"  hits="1"  branch="true"  condition-coverage="50% (1/2)" />
			<line number="548"  hits="0"  branch="true"  condition-coverage="0% (0/2)" />
			<line number="555"  hits="0"  branch="true"  condition-coverage="0% (0/2)" />
			<line number="556"  hits="0"  branch="false" />
			<line number="560"  hits="0"  branch="false" />
			<line number="562"  hits="0"  branch="true"  condition-coverage="0% (0/2)" />
			<line number="563"  hits="0"  branch="false" />
			<line number="564"  hits="0"  branch="false" />
			<line number="569"  hits="1"  branch="false" />
			<line number="570"  hits="1"  branch="false" />
			<line number="571"  hits="1"  branch="false" />
			<line number="572"  hits="1"  branch="false" />
			<line number="580"  hits="1"  branch="true"  condition-coverage="75% (3/4)" />
			<line number="589"  hits="0"  branch="true"  condition-coverage="0% (0/4)" />
			<line number="590"  hits="0"  branch="false" />
			<line number="592"  hits="0"  branch="false" />
			<line number="593"  hits="0"  branch="false" />
			<line number="594"  hits="0"  branch="false" />
			<line number="596"  hits="1"  branch="false" />
			<line number="603"  hits="1"  branch="false" />
			<line number="606"  hits="2"  branch="false" />
			<line number="607"  hits="2"  branch="true"  condition-coverage="50% (1/2)" />
			<line number="608"  hits="0"  branch="false" />
			<line number="610"  hits="0"  branch="false" />
			<line number="611"  hits="0"  branch="false" />
			<line number="612"  hits="0"  branch="false" />
			<line number="614"  hits="2"  branch="false" />
			<line number="632"  hits="52"  branch="false" />
			<line number="634"  hits="52"  branch="true"  condition-coverage="75% (3/4)" />
			<line number="635"  hits="0"  branch="false" />
			<line number="637"  hits="52"  branch="false" />
			<line number="639"  hits="52"  branch="true"  condition-coverage="100% (2/2)" />
			<line number="640"  hits="44"  branch="false" />
			<line number="642"  hits="44"  branch="false" />
			<line number="644"  hits="8"  branch="false" />
			<line number="654"  hits="0"  branch="false" />
			<line number="656"  hits="0"  branch="false" />
			<line number="658"  hits="0"  branch="true"  condition-coverage="0% (0/2)" />
			<line number="659"  hits="0"  branch="false" />
			<line number="660"  hits="0"  branch="false" />
			<line number="667"  hits="0"  branch="false" />
			<line number="671"  hits="0"  branch="false" />
			<line number="674"  hits="8"  branch="false" />
			<line number="676"  hits="8"  branch="true"  condition-coverage="100% (2/2)" />
			<line number="677"  hits="1"  branch="false" />
			<line number="683"  hits="1"  branch="false" />
			<line number="684"  hits="1"  branch="false" />
			<line number="686"  hits="8"  branch="false" />
			<line number="721"  hits="44"  branch="false" />
			<line number="722"  hits="44"  branch="false" />
			<line number="723"  hits="44"  branch="true"  condition-coverage="100% (2/2)" />
			<line number="726"  hits="44"  branch="true"  condition-coverage="100% (2/2)" />
			<line number="736"  hits="44"  branch="false" />
			<line number="737"  hits="44"  branch="false" />
			<line number="738"  hits="44"  branch="false" />
			<line number="739"  hits="44"  branch="false" />
			<line number="747"  hits="44"  branch="false" />
			<line number="748"  hits="44"  branch="false" />
			<line number="749"  hits="44"  branch="false" />
			<line number="750"  hits="44"  branch="false" />
			<line number="752"  hits="44"  branch="true"  condition-coverage="50% (1/2)" />
			<line number="753"  hits="0"  branch="false" />
			<line number="758"  hits="44"  branch="false" />
			<line number="766"  hits="44"  branch="true"  condition-coverage="100% (2/2)" />
			<line number="767"  hits="42"  branch="true"  condition-coverage="50% (1/2)" />
			<line number="768"  hits="42"  branch="true"  condition-coverage="100% (2/2)" />
			<line number="769"  hits="20"  branch="true"  condition-coverage="100% (2/2)" />
			<line number="770"  hits="16"  branch="false" />
			<line number="773"  hits="22"  branch="true"  condition-coverage="100% (2/2)" />
			<line number="774"  hits="20"  branch="false" />
			<line number="780"  hits="2"  branch="true"  condition-coverage="50% (1/2)" />
			<line number="783"  hits="44"  branch="false" />
			<line number="789"  hits="44"  branch="true"  condition-coverage="100% (2/2)" />
			<line number="793"  hits="38"  branch="false" />
			<line number="795"  hits="38"  branch="true"  condition-coverage="100% (2/2)" />
			<line number="796"  hits="36"  branch="true"  condition-coverage="50% (1/2)" />
			<line number="797"  hits="36"  branch="false" />
			<line number="800"  hits="38"  branch="false" />
			<line number="803"  hits="38"  branch="true"  condition-coverage="50% (1/2)" />
			<line number="804"  hits="0"  branch="false" />
			<line number="806"  hits="0"  branch="false" />
			<line number="821"  hits="38"  branch="false" />
			<line number="830"  hits="38"  branch="false" />
			<line number="831"  hits="38"  branch="true"  condition-coverage="100% (2/2)" />
			<line number="833"  hits="38"  branch="false" />
			<line number="834"  hits="140"  branch="false" />
			<line number="836"  hits="140"  branch="true"  condition-coverage="100% (2/2)" />
			<line number="837"  hits="22"  branch="false" />
			<line number="839"  hits="118"  branch="false" />
			<line number="840"  hits="118"  branch="false" />
			<line number="841"  hits="152"  branch="true"  condition-coverage="100% (2/2)" />
			<line number="845"  hits="113"  branch="false" />
			<line number="846"  hits="113"  branch="false" />
			<line number="848"  hits="39"  branch="true"  condition-coverage="100% (2/2)" />
			<line number="849"  hits="5"  branch="false" />
			<line number="851"  hits="34"  branch="false" />
			<line number="854"  hits="38"  branch="false" />
			<line number="855"  hits="38"  branch="true"  condition-coverage="50% (1/2)" />
			<line number="856"  hits="0"  branch="false" />
			<line number="857"  hits="0"  branch="false" />
			<line number="861"  hits="6"  branch="false" />
			<line number="862"  hits="6"  branch="true"  condition-coverage="50% (1/2)" />
			<line number="863"  hits="0"  branch="false" />
			<line number="867"  hits="6"  branch="true"  condition-coverage="75% (3/4)" />
			<line number="868"  hits="0"  branch="false" />
			<line number="872"  hits="6"  branch="true"  condition-coverage="50% (1/2)" />
			<line number="873"  hits="6"  branch="false" />
			<line number="887"  hits="6"  branch="false" />
			<line number="888"  hits="6"  branch="false" />
			<line number="889"  hits="34"  branch="false" />
			<line number="890"  hits="34"  branch="false" />
			<line number="893"  hits="34"  branch="true"  condition-coverage="50% (1/2)" />
			<line number="894"  hits="0"  branch="false" />
			<line number="896"  hits="34"  branch="true"  condition-coverage="100% (4/4)" />
			<line number="897"  hits="34"  branch="true"  condition-coverage="100% (2/2)" />
			<line number="898"  hits="10"  branch="true"  condition-coverage="50% (1/2)" />
			<line number="899"  hits="10"  branch="false" />
			<line number="901"  hits="10"  branch="true"  condition-coverage="100% (2/2)" />
			<line number="902"  hits="6"  branch="true"  condition-coverage="75% (3/4)" />
			<line number="906"  hits="0"  branch="true"  condition-coverage="0% (0/2)" />
			<line number="907"  hits="0"  branch="false" />
			<line number="910"  hits="10"  branch="true"  condition-coverage="100% (2/2)" />
			<line number="912"  hits="6"  branch="true"  condition-coverage="50% (1/2)" />
			<line number="915"  hits="34"  branch="true"  condition-coverage="100% (2/2)" />
			<line number="917"  hits="10"  branch="true"  condition-coverage="100% (2/2)" />
			<line number="918"  hits="8"  branch="false" />
			<line number="921"  hits="2"  branch="false" />
			<line number="925"  hits="6"  branch="false" />
			<line number="926"  hits="6"  branch="true"  condition-coverage="50% (1/2)" />
			<line number="927"  hits="0"  branch="false" />
			<line number="928"  hits="0"  branch="false" />
			<line number="932"  hits="44"  branch="false" />
			<line number="942"  hits="116"  branch="false" />
			<line number="943"  hits="116"  branch="false" />
			<line number="944"  hits="246"  branch="false" />
			<line number="946"  hits="246"  branch="true"  condition-coverage="100% (2/2)" />
			<line number="947"  hits="174"  branch="false" />
			<line number="950"  hits="72"  branch="true"  condition-coverage="50% (1/2)" />
			<line number="951"  hits="72"  branch="false" />
			<line number="964"  hits="6"  branch="false" />
			<line number="965"  hits="6"  branch="true"  condition-coverage="100% (2/2)" />
			<line number="966"  hits="4"  branch="true"  condition-coverage="50% (1/2)" />
			<line number="967"  hits="4"  branch="true"  condition-coverage="50% (1/2)" />
			<line number="968"  hits="4"  branch="false" />
			<line number="969"  hits="4"  branch="false" />
			<line number="970"  hits="4"  branch="false" />
			<line number="973"  hits="4"  branch="true"  condition-coverage="50% (1/2)" />
			<line number="974"  hits="0"  branch="true"  condition-coverage="0% (0/2)" />
			<line number="975"  hits="0"  branch="false" />
			<line number="979"  hits="4"  branch="false" />
			<line number="981"  hits="4"  branch="true"  condition-coverage="50% (1/2)" />
			<line number="982"  hits="4"  branch="false" />
			<line number="983"  hits="4"  branch="true"  condition-coverage="100% (2/2)" />
			<line number="984"  hits="2"  branch="false" />
			<line number="991"  hits="6"  branch="false" />
			<line number="995"  hits="0"  branch="false" />
			<line number="996"  hits="0"  branch="true"  condition-coverage="0% (0/2)" />
			<line number="997"  hits="0"  branch="false" />
			<line number="998"  hits="0"  branch="false" />
			<line number="999"  hits="0"  branch="false" />
			<line number="1003"  hits="0"  branch="false" />
			<line number="1007"  hits="145"  branch="true"  condition-coverage="50% (1/2)" />
			<line number="1008"  hits="145"  branch="true"  condition-coverage="50% (1/2)" />
			<line number="1009"  hits="145"  branch="true"  condition-coverage="50% (1/2)" />
			<line number="1010"  hits="145"  branch="true"  condition-coverage="50% (1/2)" />
			<line number="1018"  hits="145"  branch="false" />
			<line number="1027"  hits="273"  branch="false" />
			<line number="1028"  hits="273"  branch="false" />
			<line number="1029"  hits="273"  branch="true"  condition-coverage="50% (1/2)" />
			<line number="1031"  hits="273"  branch="false" />
			<line number="1033"  hits="273"  branch="true"  condition-coverage="100% (2/2)" />
			<line number="1039"  hits="43"  branch="false" />
			<line number="1040"  hits="43"  branch="false" />
			<line number="1043"  hits="43"  branch="false" />
			<line number="1044"  hits="43"  branch="true"  condition-coverage="50% (1/2)" />
			<line number="1045"  hits="43"  branch="false" />
			<line number="1046"  hits="43"  branch="false" />
			<line number="1048"  hits="43"  branch="true"  condition-coverage="50% (1/2)" />
			<line number="1049"  hits="43"  branch="true"  condition-coverage="50% (1/2)" />
			<line number="1051"  hits="43"  branch="false" />
			<line number="1052"  hits="43"  branch="true"  condition-coverage="50% (1/2)" />
			<line number="1053"  hits="43"  branch="false" />
			<line number="1054"  hits="43"  branch="false" />
			<line number="1056"  hits="0"  branch="true"  condition-coverage="0% (0/2)" />
			<line number="1057"  hits="0"  branch="false" />
			<line number="1058"  hits="0"  branch="true"  condition-coverage="0% (0/2)" />
			<line number="1059"  hits="0"  branch="false" />
			<line number="1063"  hits="0"  branch="false" />
			<line number="1066"  hits="43"  branch="false" />
			<line number="1073"  hits="43"  branch="false" />
			<line number="1074"  hits="0"  branch="false" />
			<line number="1075"  hits="0"  branch="false" />
			<line number="1076"  hits="0"  branch="false" />
			<line number="1077"  hits="0"  branch="false" />
			<line number="1080"  hits="0"  branch="false" />
			<line number="1081"  hits="0"  branch="true"  condition-coverage="0% (0/2)" />
			<line number="1082"  hits="0"  branch="true"  condition-coverage="0% (0/2)" />
			<line number="1083"  hits="0"  branch="true"  condition-coverage="0% (0/4)" />
			<line number="1084"  hits="0"  branch="false" />
			<line number="1085"  hits="0"  branch="false" />
			<line number="1093"  hits="230"  branch="false" />
			<line number="1094"  hits="259"  branch="true"  condition-coverage="100% (2/2)" />
			<line number="1095"  hits="239"  branch="false" />
			<line number="1097"  hits="259"  branch="false" />
			<line number="1099"  hits="230"  branch="true"  condition-coverage="50% (1/2)" />
			<line number="1100"  hits="0"  branch="false" />
			<line number="1103"  hits="273"  branch="true"  condition-coverage="100% (2/2)" />
			<line number="1104"  hits="273"  branch="false" />
			<line number="1107"  hits="54"  branch="false" />
			<line number="1108"  hits="54"  branch="false" />
			<line number="1111"  hits="4"  branch="false" />
			<line number="1112"  hits="4"  branch="true"  condition-coverage="50% (1/2)" />
			<line number="1114"  hits="4"  branch="true"  condition-coverage="50% (1/2)" />
			<line number="1115"  hits="0"  branch="false" />
			<line number="1116"  hits="0"  branch="true"  condition-coverage="0% (0/2)" />
			<line number="1117"  hits="0"  branch="false" />
			<line number="1118"  hits="0"  branch="false" />
			<line number="1119"  hits="0"  branch="true"  condition-coverage="0% (0/2)" />
			<line number="1120"  hits="0"  branch="false" />
			<line number="1123"  hits="4"  branch="false" />
			<line number="1124"  hits="4"  branch="true"  condition-coverage="100% (2/2)" />
			<line number="1125"  hits="1"  branch="false" />
			<line number="1128"  hits="0"  branch="false" />
			<line number="1129"  hits="0"  branch="true"  condition-coverage="0% (0/2)" />
			<line number="1130"  hits="0"  branch="true"  condition-coverage="0% (0/2)" />
			<line number="1131"  hits="0"  branch="false" />
			<line number="1133"  hits="0"  branch="false" />
			<line number="1135"  hits="0"  branch="true"  condition-coverage="0% (0/2)" />
			<line number="1136"  hits="0"  branch="false" />
			<line number="1137"  hits="0"  branch="false" />
			<line number="1138"  hits="0"  branch="true"  condition-coverage="0% (0/2)" />
			<line number="1139"  hits="0"  branch="true"  condition-coverage="0% (0/2)" />
			<line number="1141"  hits="0"  branch="true"  condition-coverage="0% (0/2)" />
			<line number="1142"  hits="0"  branch="false" />
			<line number="1146"  hits="19"  branch="false" />
			<line number="1148"  hits="25"  branch="false" />
			<line number="1151"  hits="20"  branch="false" />
			<line number="1152"  hits="20"  branch="false" />
			<line number="1153"  hits="20"  branch="false" />
			<line number="1159"  hits="19"  branch="false" />
			<line number="1160"  hits="20"  branch="true"  condition-coverage="100% (2/2)" />
			<line number="1161"  hits="19"  branch="false" />
			<line number="1165"  hits="0"  branch="false" />
			<line number="1169"  hits="50"  branch="false" />
			<line number="1171"  hits="50"  branch="false" />
			<line number="1173"  hits="50"  branch="true"  condition-coverage="100% (2/2)" />
			<line number="1174"  hits="2"  branch="false" />
			<line number="1176"  hits="2"  branch="false" />
			<line number="1178"  hits="48"  branch="false" />
			<line number="1181"  hits="50"  branch="false" />
			<line number="1185"  hits="2"  branch="false" />
			<line number="1187"  hits="2"  branch="false" />
			<line number="1188"  hits="1"  branch="false" />
			<line number="1189"  hits="1"  branch="false" />
			<line number="1192"  hits="1"  branch="false" />
			<line number="1197"  hits="1"  branch="false" />
			<line number="1198"  hits="2"  branch="true"  condition-coverage="100% (2/2)" />
			<line number="1199"  hits="1"  branch="false" />
			<line number="1203"  hits="0"  branch="false" />
			<line number="1207"  hits="48"  branch="false" />
			<line number="1209"  hits="48"  branch="true"  condition-coverage="100% (2/2)" />
			<line number="1210"  hits="29"  branch="false" />
			<line number="1213"  hits="19"  branch="false" />
			<line number="1216"  hits="19"  branch="false" />
			<line number="1222"  hits="1"  branch="false" />
			<line number="1237"  hits="0"  branch="false" />
			<line number="1240"  hits="0"  branch="false" />
		</lines>
		</class>
		<class name="adhocToHighchartsAdapter.js"  filename="src/adhoc/chart/adhocToHighchartsAdapter.js"  line-rate="0.6215999999999999"  branch-rate="0.75" >
		<methods>
			<method name="(anonymous_1)"  hits="1"  signature="()V" >
				<lines><line number="17"  hits="1" /></lines>
			</method>
			<method name="(anonymous_2)"  hits="1"  signature="()V" >
				<lines><line number="34"  hits="1" /></lines>
			</method>
			<method name="(anonymous_3)"  hits="0"  signature="()V" >
				<lines><line number="49"  hits="0" /></lines>
			</method>
			<method name="(anonymous_4)"  hits="4"  signature="()V" >
				<lines><line number="83"  hits="4" /></lines>
			</method>
			<method name="(anonymous_5)"  hits="5"  signature="()V" >
				<lines><line number="84"  hits="5" /></lines>
			</method>
			<method name="(anonymous_6)"  hits="9"  signature="()V" >
				<lines><line number="91"  hits="9" /></lines>
			</method>
			<method name="(anonymous_7)"  hits="17"  signature="()V" >
				<lines><line number="97"  hits="17" /></lines>
			</method>
			<method name="(anonymous_8)"  hits="2"  signature="()V" >
				<lines><line number="109"  hits="2" /></lines>
			</method>
			<method name="(anonymous_9)"  hits="15"  signature="()V" >
				<lines><line number="117"  hits="15" /></lines>
			</method>
		</methods>
		<lines>
			<line number="17"  hits="1"  branch="false" />
			<line number="20"  hits="1"  branch="true"  condition-coverage="75% (3/4)" />
			<line number="21"  hits="1"  branch="false" />
			<line number="32"  hits="0"  branch="false" />
			<line number="39"  hits="1"  branch="false" />
			<line number="51"  hits="0"  branch="false" />
			<line number="52"  hits="0"  branch="false" />
			<line number="54"  hits="0"  branch="false" />
			<line number="55"  hits="0"  branch="false" />
			<line number="57"  hits="0"  branch="false" />
			<line number="67"  hits="0"  branch="false" />
			<line number="68"  hits="0"  branch="false" />
			<line number="70"  hits="0"  branch="false" />
			<line number="71"  hits="0"  branch="false" />
			<line number="73"  hits="0"  branch="false" />
			<line number="76"  hits="0"  branch="true"  condition-coverage="0% (0/2)" />
			<line number="77"  hits="0"  branch="false" />
			<line number="80"  hits="0"  branch="false" />
			<line number="84"  hits="4"  branch="false" />
			<line number="85"  hits="5"  branch="false" />
			<line number="88"  hits="4"  branch="false" />
			<line number="92"  hits="9"  branch="false" />
			<line number="97"  hits="9"  branch="false" />
			<line number="98"  hits="17"  branch="true"  condition-coverage="100% (2/2)" />
			<line number="99"  hits="9"  branch="false" />
			<line number="101"  hits="8"  branch="false" />
			<line number="102"  hits="8"  branch="false" />
			<line number="108"  hits="9"  branch="true"  condition-coverage="100% (4/4)" />
			<line number="109"  hits="1"  branch="false" />
			<line number="110"  hits="2"  branch="false" />
			<line number="113"  hits="8"  branch="false" />
			<line number="118"  hits="15"  branch="false" />
			<line number="120"  hits="15"  branch="false" />
			<line number="121"  hits="15"  branch="false" />
			<line number="123"  hits="8"  branch="false" />
			<line number="126"  hits="15"  branch="false" />
			<line number="130"  hits="1"  branch="false" />
		</lines>
		</class>
		<class name="highchartsDataMapper.js"  filename="src/adhoc/chart/highchartsDataMapper.js"  line-rate="0.7356"  branch-rate="0.711" >
		<methods>
			<method name="(anonymous_1)"  hits="1"  signature="()V" >
				<lines><line number="52"  hits="1" /></lines>
			</method>
			<method name="(anonymous_2)"  hits="1"  signature="()V" >
				<lines><line number="71"  hits="1" /></lines>
			</method>
			<method name="(anonymous_3)"  hits="25"  signature="()V" >
				<lines><line number="123"  hits="25" /></lines>
			</method>
			<method name="(anonymous_4)"  hits="0"  signature="()V" >
				<lines><line number="128"  hits="0" /></lines>
			</method>
			<method name="(anonymous_5)"  hits="25"  signature="()V" >
				<lines><line number="147"  hits="25" /></lines>
			</method>
			<method name="(anonymous_6)"  hits="31"  signature="()V" >
				<lines><line number="207"  hits="31" /></lines>
			</method>
			<method name="(anonymous_7)"  hits="3"  signature="()V" >
				<lines><line number="211"  hits="3" /></lines>
			</method>
			<method name="(anonymous_8)"  hits="16"  signature="()V" >
				<lines><line number="217"  hits="16" /></lines>
			</method>
			<method name="(anonymous_9)"  hits="20"  signature="()V" >
				<lines><line number="243"  hits="20" /></lines>
			</method>
			<method name="(anonymous_10)"  hits="33"  signature="()V" >
				<lines><line number="247"  hits="33" /></lines>
			</method>
			<method name="(anonymous_11)"  hits="25"  signature="()V" >
				<lines><line number="281"  hits="25" /></lines>
			</method>
			<method name="(anonymous_12)"  hits="16"  signature="()V" >
				<lines><line number="309"  hits="16" /></lines>
			</method>
			<method name="(anonymous_13)"  hits="8"  signature="()V" >
				<lines><line number="347"  hits="8" /></lines>
			</method>
			<method name="(anonymous_14)"  hits="0"  signature="()V" >
				<lines><line number="353"  hits="0" /></lines>
			</method>
			<method name="(anonymous_15)"  hits="16"  signature="()V" >
				<lines><line number="365"  hits="16" /></lines>
			</method>
			<method name="(anonymous_16)"  hits="18"  signature="()V" >
				<lines><line number="399"  hits="18" /></lines>
			</method>
			<method name="(anonymous_17)"  hits="2"  signature="()V" >
				<lines><line number="433"  hits="2" /></lines>
			</method>
			<method name="(anonymous_18)"  hits="1"  signature="()V" >
				<lines><line number="437"  hits="1" /></lines>
			</method>
			<method name="(anonymous_19)"  hits="14"  signature="()V" >
				<lines><line number="454"  hits="14" /></lines>
			</method>
			<method name="(anonymous_20)"  hits="14"  signature="()V" >
				<lines><line number="484"  hits="14" /></lines>
			</method>
			<method name="(anonymous_21)"  hits="176"  signature="()V" >
				<lines><line number="526"  hits="176" /></lines>
			</method>
			<method name="(anonymous_22)"  hits="176"  signature="()V" >
				<lines><line number="546"  hits="176" /></lines>
			</method>
			<method name="(anonymous_23)"  hits="26"  signature="()V" >
				<lines><line number="556"  hits="26" /></lines>
			</method>
			<method name="(anonymous_24)"  hits="3"  signature="()V" >
				<lines><line number="597"  hits="3" /></lines>
			</method>
			<method name="(anonymous_25)"  hits="14"  signature="()V" >
				<lines><line number="625"  hits="14" /></lines>
			</method>
			<method name="(anonymous_26)"  hits="14"  signature="()V" >
				<lines><line number="657"  hits="14" /></lines>
			</method>
			<method name="(anonymous_27)"  hits="5"  signature="()V" >
				<lines><line number="699"  hits="5" /></lines>
			</method>
			<method name="(anonymous_28)"  hits="12"  signature="()V" >
				<lines><line number="706"  hits="12" /></lines>
			</method>
			<method name="(anonymous_29)"  hits="4"  signature="()V" >
				<lines><line number="786"  hits="4" /></lines>
			</method>
			<method name="(anonymous_30)"  hits="14"  signature="()V" >
				<lines><line number="814"  hits="14" /></lines>
			</method>
			<method name="(anonymous_31)"  hits="1"  signature="()V" >
				<lines><line number="830"  hits="1" /></lines>
			</method>
			<method name="(anonymous_32)"  hits="7"  signature="()V" >
				<lines><line number="845"  hits="7" /></lines>
			</method>
			<method name="(anonymous_33)"  hits="0"  signature="()V" >
				<lines><line number="1194"  hits="0" /></lines>
			</method>
			<method name="(anonymous_34)"  hits="2"  signature="()V" >
				<lines><line number="1217"  hits="2" /></lines>
			</method>
			<method name="(anonymous_35)"  hits="2"  signature="()V" >
				<lines><line number="1374"  hits="2" /></lines>
			</method>
			<method name="(anonymous_36)"  hits="0"  signature="()V" >
				<lines><line number="1400"  hits="0" /></lines>
			</method>
			<method name="(anonymous_37)"  hits="1"  signature="()V" >
				<lines><line number="1418"  hits="1" /></lines>
			</method>
			<method name="(anonymous_38)"  hits="1"  signature="()V" >
				<lines><line number="1447"  hits="1" /></lines>
			</method>
			<method name="(anonymous_39)"  hits="3"  signature="()V" >
				<lines><line number="1455"  hits="3" /></lines>
			</method>
			<method name="(anonymous_40)"  hits="6"  signature="()V" >
				<lines><line number="1460"  hits="6" /></lines>
			</method>
			<method name="(anonymous_41)"  hits="1"  signature="()V" >
				<lines><line number="1482"  hits="1" /></lines>
			</method>
			<method name="(anonymous_42)"  hits="6"  signature="()V" >
				<lines><line number="1504"  hits="6" /></lines>
			</method>
			<method name="(anonymous_43)"  hits="6"  signature="()V" >
				<lines><line number="1550"  hits="6" /></lines>
			</method>
			<method name="(anonymous_44)"  hits="0"  signature="()V" >
				<lines><line number="1557"  hits="0" /></lines>
			</method>
			<method name="(anonymous_45)"  hits="0"  signature="()V" >
				<lines><line number="1606"  hits="0" /></lines>
			</method>
			<method name="(anonymous_46)"  hits="0"  signature="()V" >
				<lines><line number="1622"  hits="0" /></lines>
			</method>
			<method name="(anonymous_47)"  hits="0"  signature="()V" >
				<lines><line number="1639"  hits="0" /></lines>
			</method>
			<method name="(anonymous_48)"  hits="0"  signature="()V" >
				<lines><line number="1654"  hits="0" /></lines>
			</method>
			<method name="(anonymous_49)"  hits="0"  signature="()V" >
				<lines><line number="1748"  hits="0" /></lines>
			</method>
			<method name="(anonymous_50)"  hits="0"  signature="()V" >
				<lines><line number="1766"  hits="0" /></lines>
			</method>
			<method name="(anonymous_51)"  hits="0"  signature="()V" >
				<lines><line number="1778"  hits="0" /></lines>
			</method>
			<method name="(anonymous_52)"  hits="0"  signature="()V" >
				<lines><line number="1837"  hits="0" /></lines>
			</method>
			<method name="(anonymous_53)"  hits="0"  signature="()V" >
				<lines><line number="1868"  hits="0" /></lines>
			</method>
			<method name="(anonymous_54)"  hits="0"  signature="()V" >
				<lines><line number="1915"  hits="0" /></lines>
			</method>
			<method name="(anonymous_55)"  hits="0"  signature="()V" >
				<lines><line number="1919"  hits="0" /></lines>
			</method>
			<method name="(anonymous_56)"  hits="0"  signature="()V" >
				<lines><line number="1926"  hits="0" /></lines>
			</method>
			<method name="(anonymous_57)"  hits="5"  signature="()V" >
				<lines><line number="1930"  hits="5" /></lines>
			</method>
			<method name="(anonymous_58)"  hits="10"  signature="()V" >
				<lines><line number="1972"  hits="10" /></lines>
			</method>
			<method name="(anonymous_59)"  hits="134"  signature="()V" >
				<lines><line number="2001"  hits="134" /></lines>
			</method>
			<method name="(anonymous_60)"  hits="5"  signature="()V" >
				<lines><line number="2024"  hits="5" /></lines>
			</method>
			<method name="(anonymous_61)"  hits="7"  signature="()V" >
				<lines><line number="2034"  hits="7" /></lines>
			</method>
			<method name="(anonymous_62)"  hits="97"  signature="()V" >
				<lines><line number="2044"  hits="97" /></lines>
			</method>
			<method name="(anonymous_63)"  hits="49"  signature="()V" >
				<lines><line number="2105"  hits="49" /></lines>
			</method>
			<method name="(anonymous_64)"  hits="48"  signature="()V" >
				<lines><line number="2109"  hits="48" /></lines>
			</method>
			<method name="(anonymous_65)"  hits="6"  signature="()V" >
				<lines><line number="2113"  hits="6" /></lines>
			</method>
			<method name="(anonymous_66)"  hits="145"  signature="()V" >
				<lines><line number="2147"  hits="145" /></lines>
			</method>
			<method name="(anonymous_67)"  hits="16"  signature="()V" >
				<lines><line number="2166"  hits="16" /></lines>
			</method>
			<method name="(anonymous_68)"  hits="13"  signature="()V" >
				<lines><line number="2188"  hits="13" /></lines>
			</method>
			<method name="(anonymous_69)"  hits="192"  signature="()V" >
				<lines><line number="2193"  hits="192" /></lines>
			</method>
			<method name="(anonymous_70)"  hits="58"  signature="()V" >
				<lines><line number="2202"  hits="58" /></lines>
			</method>
			<method name="(anonymous_71)"  hits="25"  signature="()V" >
				<lines><line number="2206"  hits="25" /></lines>
			</method>
			<method name="(anonymous_72)"  hits="122"  signature="()V" >
				<lines><line number="2210"  hits="122" /></lines>
			</method>
			<method name="(anonymous_73)"  hits="76"  signature="()V" >
				<lines><line number="2218"  hits="76" /></lines>
			</method>
			<method name="(anonymous_74)"  hits="95"  signature="()V" >
				<lines><line number="2227"  hits="95" /></lines>
			</method>
			<method name="(anonymous_75)"  hits="305"  signature="()V" >
				<lines><line number="2235"  hits="305" /></lines>
			</method>
			<method name="(anonymous_76)"  hits="326"  signature="()V" >
				<lines><line number="2241"  hits="326" /></lines>
			</method>
			<method name="(anonymous_77)"  hits="300"  signature="()V" >
				<lines><line number="2247"  hits="300" /></lines>
			</method>
			<method name="(anonymous_78)"  hits="120"  signature="()V" >
				<lines><line number="2251"  hits="120" /></lines>
			</method>
			<method name="(anonymous_79)"  hits="23"  signature="()V" >
				<lines><line number="2255"  hits="23" /></lines>
			</method>
			<method name="(anonymous_80)"  hits="0"  signature="()V" >
				<lines><line number="2259"  hits="0" /></lines>
			</method>
			<method name="(anonymous_81)"  hits="20"  signature="()V" >
				<lines><line number="2263"  hits="20" /></lines>
			</method>
			<method name="(anonymous_82)"  hits="45"  signature="()V" >
				<lines><line number="2267"  hits="45" /></lines>
			</method>
			<method name="(anonymous_83)"  hits="20"  signature="()V" >
				<lines><line number="2271"  hits="20" /></lines>
			</method>
			<method name="(anonymous_84)"  hits="25"  signature="()V" >
				<lines><line number="2298"  hits="25" /></lines>
			</method>
			<method name="(anonymous_85)"  hits="24"  signature="()V" >
				<lines><line number="2311"  hits="24" /></lines>
			</method>
			<method name="(anonymous_86)"  hits="35"  signature="()V" >
				<lines><line number="2316"  hits="35" /></lines>
			</method>
			<method name="(anonymous_87)"  hits="50"  signature="()V" >
				<lines><line number="2331"  hits="50" /></lines>
			</method>
			<method name="(anonymous_88)"  hits="52"  signature="()V" >
				<lines><line number="2335"  hits="52" /></lines>
			</method>
			<method name="(anonymous_89)"  hits="25"  signature="()V" >
				<lines><line number="2356"  hits="25" /></lines>
			</method>
			<method name="(anonymous_90)"  hits="44"  signature="()V" >
				<lines><line number="2364"  hits="44" /></lines>
			</method>
			<method name="(anonymous_91)"  hits="25"  signature="()V" >
				<lines><line number="2374"  hits="25" /></lines>
			</method>
			<method name="(anonymous_92)"  hits="27"  signature="()V" >
				<lines><line number="2388"  hits="27" /></lines>
			</method>
			<method name="(anonymous_93)"  hits="5"  signature="()V" >
				<lines><line number="2399"  hits="5" /></lines>
			</method>
			<method name="(anonymous_94)"  hits="0"  signature="()V" >
				<lines><line number="2403"  hits="0" /></lines>
			</method>
			<method name="(anonymous_95)"  hits="0"  signature="()V" >
				<lines><line number="2411"  hits="0" /></lines>
			</method>
			<method name="(anonymous_96)"  hits="1"  signature="()V" >
				<lines><line number="2419"  hits="1" /></lines>
			</method>
			<method name="(anonymous_97)"  hits="0"  signature="()V" >
				<lines><line number="2423"  hits="0" /></lines>
			</method>
			<method name="(anonymous_98)"  hits="0"  signature="()V" >
				<lines><line number="2431"  hits="0" /></lines>
			</method>
			<method name="(anonymous_99)"  hits="1"  signature="()V" >
				<lines><line number="2439"  hits="1" /></lines>
			</method>
			<method name="(anonymous_100)"  hits="1"  signature="()V" >
				<lines><line number="2447"  hits="1" /></lines>
			</method>
			<method name="(anonymous_101)"  hits="0"  signature="()V" >
				<lines><line number="2455"  hits="0" /></lines>
			</method>
			<method name="(anonymous_102)"  hits="0"  signature="()V" >
				<lines><line number="2459"  hits="0" /></lines>
			</method>
			<method name="(anonymous_103)"  hits="0"  signature="()V" >
				<lines><line number="2463"  hits="0" /></lines>
			</method>
			<method name="(anonymous_104)"  hits="0"  signature="()V" >
				<lines><line number="2471"  hits="0" /></lines>
			</method>
			<method name="(anonymous_105)"  hits="0"  signature="()V" >
				<lines><line number="2479"  hits="0" /></lines>
			</method>
			<method name="(anonymous_106)"  hits="0"  signature="()V" >
				<lines><line number="2487"  hits="0" /></lines>
			</method>
			<method name="(anonymous_107)"  hits="7"  signature="()V" >
				<lines><line number="2495"  hits="7" /></lines>
			</method>
			<method name="(anonymous_108)"  hits="0"  signature="()V" >
				<lines><line number="2499"  hits="0" /></lines>
			</method>
			<method name="(anonymous_109)"  hits="2"  signature="()V" >
				<lines><line number="2503"  hits="2" /></lines>
			</method>
			<method name="(anonymous_110)"  hits="0"  signature="()V" >
				<lines><line number="2507"  hits="0" /></lines>
			</method>
			<method name="(anonymous_111)"  hits="0"  signature="()V" >
				<lines><line number="2516"  hits="0" /></lines>
			</method>
			<method name="(anonymous_112)"  hits="1"  signature="()V" >
				<lines><line number="2526"  hits="1" /></lines>
			</method>
			<method name="(anonymous_113)"  hits="0"  signature="()V" >
				<lines><line number="2536"  hits="0" /></lines>
			</method>
			<method name="(anonymous_114)"  hits="0"  signature="()V" >
				<lines><line number="2542"  hits="0" /></lines>
			</method>
			<method name="(anonymous_115)"  hits="1"  signature="()V" >
				<lines><line number="2548"  hits="1" /></lines>
			</method>
			<method name="(anonymous_116)"  hits="0"  signature="()V" >
				<lines><line number="2556"  hits="0" /></lines>
			</method>
			<method name="(anonymous_117)"  hits="0"  signature="()V" >
				<lines><line number="2564"  hits="0" /></lines>
			</method>
			<method name="(anonymous_118)"  hits="0"  signature="()V" >
				<lines><line number="2573"  hits="0" /></lines>
			</method>
			<method name="(anonymous_119)"  hits="1"  signature="()V" >
				<lines><line number="2582"  hits="1" /></lines>
			</method>
			<method name="(anonymous_120)"  hits="0"  signature="()V" >
				<lines><line number="2590"  hits="0" /></lines>
			</method>
			<method name="(anonymous_121)"  hits="0"  signature="()V" >
				<lines><line number="2598"  hits="0" /></lines>
			</method>
			<method name="(anonymous_122)"  hits="1"  signature="()V" >
				<lines><line number="2602"  hits="1" /></lines>
			</method>
			<method name="(anonymous_123)"  hits="2"  signature="()V" >
				<lines><line number="2610"  hits="2" /></lines>
			</method>
			<method name="(anonymous_124)"  hits="1"  signature="()V" >
				<lines><line number="2622"  hits="1" /></lines>
			</method>
			<method name="(anonymous_125)"  hits="1"  signature="()V" >
				<lines><line number="2626"  hits="1" /></lines>
			</method>
			<method name="(anonymous_126)"  hits="0"  signature="()V" >
				<lines><line number="2639"  hits="0" /></lines>
			</method>
			<method name="(anonymous_127)"  hits="0"  signature="()V" >
				<lines><line number="2642"  hits="0" /></lines>
			</method>
			<method name="(anonymous_128)"  hits="0"  signature="()V" >
				<lines><line number="2645"  hits="0" /></lines>
			</method>
			<method name="(anonymous_129)"  hits="4"  signature="()V" >
				<lines><line number="2653"  hits="4" /></lines>
			</method>
		</methods>
		<lines>
			<line number="52"  hits="1"  branch="false" />
			<line number="55"  hits="1"  branch="true"  condition-coverage="75% (3/4)" />
			<line number="56"  hits="1"  branch="false" />
			<line number="68"  hits="0"  branch="false" />
			<line number="74"  hits="1"  branch="false" />
			<line number="80"  hits="1"  branch="false" />
			<line number="124"  hits="25"  branch="false" />
			<line number="128"  hits="25"  branch="false" />
			<line number="129"  hits="0"  branch="false" />
			<line number="132"  hits="25"  branch="true"  condition-coverage="50% (1/2)" />
			<line number="133"  hits="0"  branch="false" />
			<line number="134"  hits="0"  branch="false" />
			<line number="135"  hits="0"  branch="false" />
			<line number="138"  hits="0"  branch="false" />
			<line number="142"  hits="25"  branch="false" />
			<line number="148"  hits="25"  branch="false" />
			<line number="149"  hits="25"  branch="false" />
			<line number="151"  hits="25"  branch="false" />
			<line number="153"  hits="25"  branch="true"  condition-coverage="100% (2/2)" />
			<line number="154"  hits="1"  branch="false" />
			<line number="155"  hits="1"  branch="false" />
			<line number="157"  hits="24"  branch="false" />
			<line number="158"  hits="24"  branch="false" />
			<line number="161"  hits="25"  branch="false" />
			<line number="163"  hits="25"  branch="true"  condition-coverage="50% (5/10)" />
			<line number="165"  hits="14"  branch="false" />
			<line number="166"  hits="14"  branch="false" />
			<line number="169"  hits="7"  branch="false" />
			<line number="170"  hits="7"  branch="false" />
			<line number="173"  hits="0"  branch="false" />
			<line number="174"  hits="0"  branch="false" />
			<line number="177"  hits="2"  branch="false" />
			<line number="178"  hits="2"  branch="false" />
			<line number="181"  hits="1"  branch="false" />
			<line number="182"  hits="1"  branch="false" />
			<line number="185"  hits="1"  branch="false" />
			<line number="186"  hits="1"  branch="false" />
			<line number="189"  hits="0"  branch="false" />
			<line number="190"  hits="0"  branch="false" />
			<line number="193"  hits="0"  branch="false" />
			<line number="194"  hits="0"  branch="false" />
			<line number="197"  hits="0"  branch="false" />
			<line number="198"  hits="0"  branch="false" />
			<line number="201"  hits="0"  branch="false" />
			<line number="204"  hits="25"  branch="false" />
			<line number="208"  hits="31"  branch="false" />
			<line number="212"  hits="3"  branch="false" />
			<line number="214"  hits="3"  branch="false" />
			<line number="218"  hits="16"  branch="false" />
			<line number="227"  hits="16"  branch="true"  condition-coverage="50% (1/2)" />
			<line number="228"  hits="16"  branch="false" />
			<line number="233"  hits="16"  branch="true"  condition-coverage="75% (3/4)" />
			<line number="234"  hits="0"  branch="false" />
			<line number="235"  hits="16"  branch="true"  condition-coverage="50% (1/2)" />
			<line number="236"  hits="0"  branch="false" />
			<line number="240"  hits="16"  branch="false" />
			<line number="244"  hits="20"  branch="false" />
			<line number="248"  hits="33"  branch="false" />
			<line number="256"  hits="33"  branch="true"  condition-coverage="100% (2/2)" />
			<line number="257"  hits="1"  branch="false" />
			<line number="258"  hits="32"  branch="true"  condition-coverage="100% (2/2)" />
			<line number="259"  hits="5"  branch="false" />
			<line number="261"  hits="27"  branch="false" />
			<line number="264"  hits="33"  branch="true"  condition-coverage="100% (3/3)" />
			<line number="266"  hits="1"  branch="false" />
			<line number="267"  hits="1"  branch="false" />
			<line number="268"  hits="1"  branch="false" />
			<line number="272"  hits="2"  branch="false" />
			<line number="273"  hits="2"  branch="false" />
			<line number="274"  hits="2"  branch="false" />
			<line number="275"  hits="2"  branch="false" />
			<line number="278"  hits="33"  branch="false" />
			<line number="282"  hits="25"  branch="false" />
			<line number="310"  hits="16"  branch="false" />
			<line number="312"  hits="16"  branch="false" />
			<line number="334"  hits="16"  branch="true"  condition-coverage="100% (2/2)" />
			<line number="335"  hits="12"  branch="false" />
			<line number="338"  hits="16"  branch="true"  condition-coverage="100% (4/4)" />
			<line number="339"  hits="3"  branch="false" />
			<line number="341"  hits="13"  branch="false" />
			<line number="344"  hits="16"  branch="false" />
			<line number="348"  hits="8"  branch="true"  condition-coverage="50% (1/2)" />
			<line number="351"  hits="8"  branch="false" />
			<line number="352"  hits="8"  branch="true"  condition-coverage="100% (2/2)" />
			<line number="353"  hits="1"  branch="false" />
			<line number="354"  hits="0"  branch="true"  condition-coverage="0% (0/2)" />
			<line number="355"  hits="0"  branch="false" />
			<line number="359"  hits="7"  branch="false" />
			<line number="362"  hits="8"  branch="false" />
			<line number="366"  hits="16"  branch="false" />
			<line number="374"  hits="16"  branch="true"  condition-coverage="100% (2/2)" />
			<line number="375"  hits="1"  branch="false" />
			<line number="376"  hits="1"  branch="false" />
			<line number="378"  hits="16"  branch="false" />
			<line number="386"  hits="16"  branch="true"  condition-coverage="75% (3/4)" />
			<line number="387"  hits="0"  branch="false" />
			<line number="389"  hits="16"  branch="true"  condition-coverage="50% (1/2)" />
			<line number="391"  hits="16"  branch="true"  condition-coverage="100% (2/2)" />
			<line number="392"  hits="1"  branch="false" />
			<line number="393"  hits="1"  branch="false" />
			<line number="396"  hits="16"  branch="false" />
			<line number="400"  hits="18"  branch="false" />
			<line number="414"  hits="18"  branch="true"  condition-coverage="100% (2/2)" />
			<line number="416"  hits="3"  branch="false" />
			<line number="417"  hits="15"  branch="true"  condition-coverage="100% (4/4)" />
			<line number="418"  hits="4"  branch="false" />
			<line number="421"  hits="18"  branch="true"  condition-coverage="100% (2/2)" />
			<line number="422"  hits="1"  branch="false" />
			<line number="423"  hits="1"  branch="false" />
			<line number="424"  hits="1"  branch="false" />
			<line number="425"  hits="1"  branch="true"  condition-coverage="50% (1/2)" />
			<line number="426"  hits="0"  branch="false" />
			<line number="430"  hits="18"  branch="false" />
			<line number="434"  hits="2"  branch="false" />
			<line number="438"  hits="1"  branch="false" />
			<line number="455"  hits="14"  branch="false" />
			<line number="459"  hits="14"  branch="false" />
			<line number="460"  hits="14"  branch="false" />
			<line number="461"  hits="14"  branch="false" />
			<line number="462"  hits="14"  branch="false" />
			<line number="464"  hits="14"  branch="false" />
			<line number="466"  hits="14"  branch="false" />
			<line number="467"  hits="14"  branch="false" />
			<line number="468"  hits="14"  branch="false" />
			<line number="471"  hits="14"  branch="true"  condition-coverage="100% (2/2)" />
			<line number="473"  hits="14"  branch="false" />
			<line number="485"  hits="14"  branch="false" />
			<line number="487"  hits="14"  branch="true"  condition-coverage="100% (2/2)" />
			<line number="491"  hits="14"  branch="false" />
			<line number="494"  hits="26"  branch="true"  condition-coverage="75% (3/4)" />
			<line number="497"  hits="26"  branch="false" />
			<line number="499"  hits="26"  branch="false" />
			<line number="501"  hits="26"  branch="false" />
			<line number="502"  hits="26"  branch="true"  condition-coverage="100% (2/2)" />
			<line number="503"  hits="3"  branch="false" />
			<line number="504"  hits="3"  branch="false" />
			<line number="506"  hits="3"  branch="false" />
			<line number="513"  hits="26"  branch="false" />
			<line number="527"  hits="176"  branch="false" />
			<line number="530"  hits="176"  branch="false" />
			<line number="531"  hits="176"  branch="false" />
			<line number="532"  hits="176"  branch="false" />
			<line number="534"  hits="176"  branch="false" />
			<line number="535"  hits="176"  branch="false" />
			<line number="536"  hits="179"  branch="false" />
			<line number="543"  hits="176"  branch="false" />
			<line number="547"  hits="176"  branch="false" />
			<line number="549"  hits="176"  branch="false" />
			<line number="551"  hits="176"  branch="true"  condition-coverage="100% (2/2)" />
			<line number="553"  hits="28"  branch="true"  condition-coverage="100% (2/2)" />
			<line number="556"  hits="28"  branch="false" />
			<line number="557"  hits="26"  branch="false" />
			<line number="562"  hits="148"  branch="true"  condition-coverage="100% (2/2)" />
			<line number="566"  hits="148"  branch="true"  condition-coverage="100% (2/2)" />
			<line number="567"  hits="148"  branch="true"  condition-coverage="100% (4/4)" />
			<line number="569"  hits="16"  branch="false" />
			<line number="572"  hits="148"  branch="false" />
			<line number="573"  hits="148"  branch="false" />
			<line number="577"  hits="176"  branch="true"  condition-coverage="100% (2/2)" />
			<line number="578"  hits="49"  branch="false" />
			<line number="579"  hits="49"  branch="false" />
			<line number="581"  hits="49"  branch="true"  condition-coverage="100% (2/2)" />
			<line number="582"  hits="2"  branch="true"  condition-coverage="50% (1/2)" />
			<line number="583"  hits="2"  branch="false" />
			<line number="585"  hits="0"  branch="false" />
			<line number="588"  hits="47"  branch="true"  condition-coverage="100% (2/2)" />
			<line number="589"  hits="43"  branch="false" />
			<line number="594"  hits="176"  branch="false" />
			<line number="598"  hits="3"  branch="false" />
			<line number="604"  hits="3"  branch="true"  condition-coverage="50% (2/4)" />
			<line number="605"  hits="0"  branch="false" />
			<line number="608"  hits="3"  branch="false" />
			<line number="614"  hits="3"  branch="false" />
			<line number="627"  hits="14"  branch="true"  condition-coverage="100% (2/2)" />
			<line number="629"  hits="1"  branch="false" />
			<line number="633"  hits="1"  branch="true"  condition-coverage="75% (3/4)" />
			<line number="636"  hits="1"  branch="false" />
			<line number="637"  hits="1"  branch="false" />
			<line number="639"  hits="13"  branch="true"  condition-coverage="100% (2/2)" />
			<line number="641"  hits="1"  branch="false" />
			<line number="642"  hits="2"  branch="false" />
			<line number="658"  hits="14"  branch="false" />
			<line number="665"  hits="14"  branch="false" />
			<line number="666"  hits="49"  branch="false" />
			<line number="668"  hits="49"  branch="false" />
			<line number="669"  hits="95"  branch="false" />
			<line number="673"  hits="95"  branch="true"  condition-coverage="100% (2/2)" />
			<line number="676"  hits="5"  branch="false" />
			<line number="679"  hits="5"  branch="true"  condition-coverage="50% (1/2)" />
			<line number="680"  hits="0"  branch="false" />
			<line number="684"  hits="5"  branch="true"  condition-coverage="50% (1/2)" />
			<line number="686"  hits="5"  branch="false" />
			<line number="687"  hits="12"  branch="false" />
			<line number="689"  hits="12"  branch="false" />
			<line number="693"  hits="0"  branch="false" />
			<line number="694"  hits="0"  branch="false" />
			<line number="699"  hits="5"  branch="false" />
			<line number="700"  hits="5"  branch="false" />
			<line number="704"  hits="5"  branch="true"  condition-coverage="50% (1/2)" />
			<line number="706"  hits="5"  branch="false" />
			<line number="707"  hits="12"  branch="true"  condition-coverage="50% (1/2)" />
			<line number="710"  hits="5"  branch="false" />
			<line number="711"  hits="5"  branch="false" />
			<line number="713"  hits="5"  branch="false" />
			<line number="714"  hits="5"  branch="true"  condition-coverage="100% (2/2)" />
			<line number="715"  hits="3"  branch="false" />
			<line number="721"  hits="2"  branch="true"  condition-coverage="50% (1/2)" />
			<line number="722"  hits="2"  branch="false" />
			<line number="730"  hits="0"  branch="false" />
			<line number="733"  hits="5"  branch="false" />
			<line number="736"  hits="90"  branch="false" />
			<line number="739"  hits="90"  branch="true"  condition-coverage="100% (2/2)" />
			<line number="740"  hits="12"  branch="true"  condition-coverage="75% (3/4)" />
			<line number="741"  hits="12"  branch="false" />
			<line number="743"  hits="12"  branch="false" />
			<line number="745"  hits="12"  branch="false" />
			<line number="747"  hits="12"  branch="false" />
			<line number="752"  hits="78"  branch="false" />
			<line number="755"  hits="78"  branch="false" />
			<line number="762"  hits="49"  branch="true"  condition-coverage="100% (4/4)" />
			<line number="764"  hits="38"  branch="false" />
			<line number="766"  hits="38"  branch="false" />
			<line number="772"  hits="14"  branch="true"  condition-coverage="100% (4/4)" />
			<line number="773"  hits="2"  branch="false" />
			<line number="774"  hits="2"  branch="false" />
			<line number="787"  hits="4"  branch="false" />
			<line number="789"  hits="4"  branch="false" />
			<line number="790"  hits="4"  branch="false" />
			<line number="794"  hits="4"  branch="false" />
			<line number="801"  hits="4"  branch="true"  condition-coverage="100% (2/2)" />
			<line number="802"  hits="2"  branch="true"  condition-coverage="50% (1/2)" />
			<line number="805"  hits="4"  branch="false" />
			<line number="816"  hits="14"  branch="true"  condition-coverage="100% (2/2)" />
			<line number="817"  hits="4"  branch="false" />
			<line number="818"  hits="10"  branch="true"  condition-coverage="100% (2/2)" />
			<line number="819"  hits="1"  branch="true"  condition-coverage="50% (1/2)" />
			<line number="820"  hits="1"  branch="false" />
			<line number="831"  hits="1"  branch="true"  condition-coverage="40% (2/5)" />
			<line number="846"  hits="7"  branch="false" />
			<line number="847"  hits="7"  branch="false" />
			<line number="849"  hits="7"  branch="true"  condition-coverage="50% (1/2)" />
			<line number="850"  hits="7"  branch="false" />
			<line number="851"  hits="7"  branch="false" />
			<line number="852"  hits="7"  branch="false" />
			<line number="853"  hits="7"  branch="false" />
			<line number="854"  hits="7"  branch="false" />
			<line number="855"  hits="7"  branch="false" />
			<line number="857"  hits="7"  branch="false" />
			<line number="858"  hits="7"  branch="false" />
			<line number="860"  hits="7"  branch="false" />
			<line number="891"  hits="7"  branch="true"  condition-coverage="100% (2/2)" />
			<line number="897"  hits="6"  branch="true"  condition-coverage="100% (2/2)" />
			<line number="900"  hits="2"  branch="false" />
			<line number="901"  hits="2"  branch="false" />
			<line number="902"  hits="2"  branch="false" />
			<line number="903"  hits="2"  branch="false" />
			<line number="904"  hits="2"  branch="false" />
			<line number="905"  hits="2"  branch="false" />
			<line number="909"  hits="2"  branch="false" />
			<line number="910"  hits="2"  branch="false" />
			<line number="911"  hits="2"  branch="false" />
			<line number="913"  hits="2"  branch="false" />
			<line number="914"  hits="2"  branch="false" />
			<line number="915"  hits="2"  branch="false" />
			<line number="916"  hits="2"  branch="false" />
			<line number="917"  hits="2"  branch="false" />
			<line number="919"  hits="2"  branch="false" />
			<line number="920"  hits="2"  branch="true"  condition-coverage="50% (1/2)" />
			<line number="921"  hits="0"  branch="false" />
			<line number="923"  hits="2"  branch="false" />
			<line number="934"  hits="2"  branch="false" />
			<line number="935"  hits="4"  branch="false" />
			<line number="936"  hits="4"  branch="false" />
			<line number="937"  hits="4"  branch="false" />
			<line number="939"  hits="4"  branch="false" />
			<line number="941"  hits="4"  branch="false" />
			<line number="967"  hits="4"  branch="false" />
			<line number="968"  hits="4"  branch="true"  condition-coverage="100% (2/2)" />
			<line number="969"  hits="4"  branch="false" />
			<line number="970"  hits="4"  branch="false" />
			<line number="973"  hits="4"  branch="false" />
			<line number="974"  hits="4"  branch="true"  condition-coverage="100% (2/2)" />
			<line number="975"  hits="2"  branch="true"  condition-coverage="100% (2/2)" />
			<line number="976"  hits="1"  branch="false" />
			<line number="981"  hits="1"  branch="false" />
			<line number="986"  hits="4"  branch="false" />
			<line number="987"  hits="4"  branch="false" />
			<line number="988"  hits="8"  branch="false" />
			<line number="990"  hits="8"  branch="false" />
			<line number="992"  hits="8"  branch="false" />
			<line number="993"  hits="8"  branch="true"  condition-coverage="100% (2/2)" />
			<line number="994"  hits="6"  branch="true"  condition-coverage="100% (2/2)" />
			<line number="995"  hits="2"  branch="false" />
			<line number="996"  hits="2"  branch="false" />
			<line number="997"  hits="2"  branch="false" />
			<line number="1000"  hits="4"  branch="false" />
			<line number="1004"  hits="8"  branch="false" />
			<line number="1005"  hits="8"  branch="false" />
			<line number="1006"  hits="8"  branch="false" />
			<line number="1007"  hits="8"  branch="false" />
			<line number="1008"  hits="8"  branch="false" />
			<line number="1009"  hits="8"  branch="false" />
			<line number="1010"  hits="8"  branch="true"  condition-coverage="100% (2/2)" />
			<line number="1011"  hits="4"  branch="true"  condition-coverage="100% (2/2)" />
			<line number="1012"  hits="2"  branch="false" />
			<line number="1016"  hits="8"  branch="true"  condition-coverage="100% (2/2)" />
			<line number="1017"  hits="8"  branch="false" />
			<line number="1050"  hits="4"  branch="true"  condition-coverage="100% (2/2)" />
			<line number="1051"  hits="2"  branch="false" />
			<line number="1052"  hits="4"  branch="false" />
			<line number="1054"  hits="4"  branch="false" />
			<line number="1055"  hits="4"  branch="false" />
			<line number="1057"  hits="4"  branch="false" />
			<line number="1059"  hits="4"  branch="false" />
			<line number="1066"  hits="2"  branch="true"  condition-coverage="100% (2/2)" />
			<line number="1067"  hits="1"  branch="false" />
			<line number="1068"  hits="1"  branch="false" />
			<line number="1069"  hits="1"  branch="false" />
			<line number="1070"  hits="1"  branch="false" />
			<line number="1071"  hits="4"  branch="false" />
			<line number="1072"  hits="4"  branch="false" />
			<line number="1074"  hits="4"  branch="true"  condition-coverage="100% (2/2)" />
			<line number="1075"  hits="1"  branch="false" />
			<line number="1076"  hits="1"  branch="true"  condition-coverage="50% (1/2)" />
			<line number="1077"  hits="1"  branch="false" />
			<line number="1079"  hits="4"  branch="false" />
			<line number="1080"  hits="4"  branch="false" />
			<line number="1082"  hits="4"  branch="false" />
			<line number="1084"  hits="4"  branch="false" />
			<line number="1092"  hits="1"  branch="false" />
			<line number="1093"  hits="4"  branch="false" />
			<line number="1094"  hits="4"  branch="false" />
			<line number="1095"  hits="4"  branch="false" />
			<line number="1097"  hits="4"  branch="false" />
			<line number="1099"  hits="4"  branch="false" />
			<line number="1116"  hits="7"  branch="true"  condition-coverage="100% (4/4)" />
			<line number="1123"  hits="1"  branch="false" />
			<line number="1124"  hits="1"  branch="false" />
			<line number="1125"  hits="2"  branch="false" />
			<line number="1128"  hits="2"  branch="false" />
			<line number="1133"  hits="2"  branch="false" />
			<line number="1134"  hits="2"  branch="false" />
			<line number="1135"  hits="2"  branch="false" />
			<line number="1136"  hits="2"  branch="false" />
			<line number="1137"  hits="2"  branch="false" />
			<line number="1138"  hits="2"  branch="false" />
			<line number="1139"  hits="2"  branch="false" />
			<line number="1142"  hits="2"  branch="true"  condition-coverage="100% (2/2)" />
			<line number="1143"  hits="2"  branch="false" />
			<line number="1164"  hits="1"  branch="false" />
			<line number="1165"  hits="1"  branch="false" />
			<line number="1166"  hits="2"  branch="false" />
			<line number="1168"  hits="2"  branch="false" />
			<line number="1169"  hits="6"  branch="false" />
			<line number="1170"  hits="6"  branch="false" />
			<line number="1171"  hits="6"  branch="false" />
			<line number="1173"  hits="6"  branch="false" />
			<line number="1175"  hits="6"  branch="false" />
			<line number="1183"  hits="7"  branch="false" />
			<line number="1195"  hits="0"  branch="false" />
			<line number="1196"  hits="0"  branch="false" />
			<line number="1198"  hits="0"  branch="false" />
			<line number="1199"  hits="0"  branch="false" />
			<line number="1201"  hits="0"  branch="false" />
			<line number="1202"  hits="0"  branch="false" />
			<line number="1203"  hits="0"  branch="false" />
			<line number="1204"  hits="0"  branch="false" />
			<line number="1205"  hits="0"  branch="false" />
			<line number="1208"  hits="0"  branch="false" />
			<line number="1218"  hits="2"  branch="false" />
			<line number="1219"  hits="2"  branch="false" />
			<line number="1221"  hits="2"  branch="false" />
			<line number="1234"  hits="2"  branch="true"  condition-coverage="50% (1/2)" />
			<line number="1236"  hits="0"  branch="true"  condition-coverage="0% (0/2)" />
			<line number="1237"  hits="0"  branch="false" />
			<line number="1238"  hits="0"  branch="false" />
			<line number="1241"  hits="2"  branch="true"  condition-coverage="50% (1/2)" />
			<line number="1242"  hits="2"  branch="false" />
			<line number="1246"  hits="2"  branch="false" />
			<line number="1275"  hits="2"  branch="false" />
			<line number="1292"  hits="2"  branch="false" />
			<line number="1293"  hits="2"  branch="false" />
			<line number="1295"  hits="2"  branch="false" />
			<line number="1296"  hits="2"  branch="false" />
			<line number="1297"  hits="2"  branch="false" />
			<line number="1299"  hits="2"  branch="false" />
			<line number="1309"  hits="2"  branch="true"  condition-coverage="50% (1/2)" />
			<line number="1310"  hits="0"  branch="false" />
			<line number="1314"  hits="2"  branch="false" />
			<line number="1330"  hits="2"  branch="false" />
			<line number="1331"  hits="6"  branch="false" />
			<line number="1333"  hits="6"  branch="true"  condition-coverage="80% (4/5)" />
			<line number="1335"  hits="2"  branch="false" />
			<line number="1336"  hits="2"  branch="false" />
			<line number="1337"  hits="2"  branch="true"  condition-coverage="50% (1/2)" />
			<line number="1338"  hits="0"  branch="false" />
			<line number="1344"  hits="0"  branch="false" />
			<line number="1347"  hits="4"  branch="false" />
			<line number="1350"  hits="6"  branch="false" />
			<line number="1351"  hits="6"  branch="false" />
			<line number="1353"  hits="6"  branch="false" />
			<line number="1355"  hits="6"  branch="false" />
			<line number="1362"  hits="6"  branch="true"  condition-coverage="50% (1/2)" />
			<line number="1363"  hits="0"  branch="false" />
			<line number="1367"  hits="2"  branch="true"  condition-coverage="50% (1/2)" />
			<line number="1368"  hits="0"  branch="false" />
			<line number="1371"  hits="2"  branch="false" />
			<line number="1375"  hits="2"  branch="false" />
			<line number="1376"  hits="2"  branch="false" />
			<line number="1378"  hits="2"  branch="false" />
			<line number="1401"  hits="0"  branch="false" />
			<line number="1412"  hits="2"  branch="false" />
			<line number="1413"  hits="2"  branch="true"  condition-coverage="50% (1/2)" />
			<line number="1415"  hits="2"  branch="false" />
			<line number="1420"  hits="1"  branch="false" />
			<line number="1422"  hits="1"  branch="false" />
			<line number="1423"  hits="1"  branch="false" />
			<line number="1425"  hits="1"  branch="false" />
			<line number="1427"  hits="1"  branch="false" />
			<line number="1428"  hits="1"  branch="false" />
			<line number="1429"  hits="1"  branch="false" />
			<line number="1430"  hits="1"  branch="false" />
			<line number="1431"  hits="1"  branch="false" />
			<line number="1433"  hits="1"  branch="true"  condition-coverage="50% (1/2)" />
			<line number="1434"  hits="1"  branch="false" />
			<line number="1436"  hits="1"  branch="true"  condition-coverage="50% (1/2)" />
			<line number="1437"  hits="1"  branch="false" />
			<line number="1440"  hits="1"  branch="false" />
			<line number="1441"  hits="1"  branch="false" />
			<line number="1443"  hits="1"  branch="false" />
			<line number="1448"  hits="1"  branch="false" />
			<line number="1455"  hits="1"  branch="false" />
[...]
			<line number="237"  hits="0"  branch="false" />
			<line number="239"  hits="0"  branch="false" />
			<line number="240"  hits="0"  branch="true"  condition-coverage="0% (0/2)" />
			<line number="241"  hits="0"  branch="false" />
			<line number="244"  hits="0"  branch="true"  condition-coverage="0% (0/2)" />
			<line number="246"  hits="0"  branch="false" />
			<line number="248"  hits="0"  branch="false" />
			<line number="249"  hits="0"  branch="false" />
			<line number="251"  hits="0"  branch="false" />
			<line number="253"  hits="0"  branch="false" />
			<line number="256"  hits="0"  branch="false" />
			<line number="258"  hits="0"  branch="true"  condition-coverage="0% (0/2)" />
			<line number="260"  hits="0"  branch="false" />
			<line number="262"  hits="0"  branch="false" />
			<line number="266"  hits="0"  branch="true"  condition-coverage="0% (0/2)" />
			<line number="268"  hits="0"  branch="false" />
			<line number="270"  hits="0"  branch="false" />
			<line number="271"  hits="0"  branch="false" />
			<line number="273"  hits="0"  branch="false" />
			<line number="275"  hits="0"  branch="false" />
			<line number="278"  hits="0"  branch="false" />
			<line number="280"  hits="0"  branch="true"  condition-coverage="0% (0/2)" />
			<line number="282"  hits="0"  branch="false" />
			<line number="284"  hits="0"  branch="false" />
			<line number="288"  hits="0"  branch="false" />
			<line number="301"  hits="0"  branch="false" />
			<line number="317"  hits="0"  branch="true"  condition-coverage="0% (0/2)" />
		</lines>
		</class>
		<class name="LocalFrameView.js"  filename="src/bi/report/view/LocalFrameView.js"  line-rate="0.2"  branch-rate="0" >
		<methods>
			<method name="(anonymous_1)"  hits="1"  signature="()V" >
				<lines><line number="28"  hits="1" /></lines>
			</method>
			<method name="(anonymous_2)"  hits="0"  signature="()V" >
				<lines><line number="37"  hits="0" /></lines>
			</method>
			<method name="(anonymous_3)"  hits="0"  signature="()V" >
				<lines><line number="45"  hits="0" /></lines>
			</method>
			<method name="(anonymous_4)"  hits="0"  signature="()V" >
				<lines><line number="57"  hits="0" /></lines>
			</method>
			<method name="(anonymous_5)"  hits="0"  signature="()V" >
				<lines><line number="62"  hits="0" /></lines>
			</method>
		</methods>
		<lines>
			<line number="28"  hits="1"  branch="false" />
			<line number="31"  hits="1"  branch="false" />
			<line number="35"  hits="1"  branch="false" />
			<line number="38"  hits="0"  branch="false" />
			<line number="39"  hits="0"  branch="false" />
			<line number="41"  hits="0"  branch="false" />
			<line number="46"  hits="0"  branch="true"  condition-coverage="0% (0/4)" />
			<line number="47"  hits="0"  branch="true"  condition-coverage="0% (0/2)" />
			<line number="48"  hits="0"  branch="false" />
			<line number="50"  hits="0"  branch="false" />
			<line number="55"  hits="0"  branch="false" />
			<line number="57"  hits="0"  branch="false" />
			<line number="58"  hits="0"  branch="false" />
			<line number="63"  hits="0"  branch="false" />
			<line number="64"  hits="0"  branch="false" />
		</lines>
		</class>
		<class name="ReportView.js"  filename="src/bi/report/view/ReportView.js"  line-rate="0.6108"  branch-rate="0.5522" >
		<methods>
			<method name="(anonymous_1)"  hits="1"  signature="()V" >
				<lines><line number="28"  hits="1" /></lines>
			</method>
			<method name="(anonymous_2)"  hits="21"  signature="()V" >
				<lines><line number="60"  hits="21" /></lines>
			</method>
			<method name="(anonymous_3)"  hits="2"  signature="()V" >
				<lines><line number="69"  hits="2" /></lines>
			</method>
			<method name="(anonymous_4)"  hits="0"  signature="()V" >
				<lines><line number="77"  hits="0" /></lines>
			</method>
			<method name="(anonymous_5)"  hits="6"  signature="()V" >
				<lines><line number="81"  hits="6" /></lines>
			</method>
			<method name="(anonymous_6)"  hits="1"  signature="()V" >
				<lines><line number="96"  hits="1" /></lines>
			</method>
			<method name="(anonymous_7)"  hits="1"  signature="()V" >
				<lines><line number="116"  hits="1" /></lines>
			</method>
			<method name="(anonymous_8)"  hits="0"  signature="()V" >
				<lines><line number="135"  hits="0" /></lines>
			</method>
			<method name="(anonymous_9)"  hits="0"  signature="()V" >
				<lines><line number="139"  hits="0" /></lines>
			</method>
			<method name="(anonymous_10)"  hits="0"  signature="()V" >
				<lines><line number="162"  hits="0" /></lines>
			</method>
			<method name="(anonymous_11)"  hits="0"  signature="()V" >
				<lines><line number="167"  hits="0" /></lines>
			</method>
			<method name="(anonymous_12)"  hits="0"  signature="()V" >
				<lines><line number="184"  hits="0" /></lines>
			</method>
			<method name="(anonymous_13)"  hits="2"  signature="()V" >
				<lines><line number="187"  hits="2" /></lines>
			</method>
			<method name="(anonymous_14)"  hits="0"  signature="()V" >
				<lines><line number="285"  hits="0" /></lines>
			</method>
			<method name="(anonymous_15)"  hits="0"  signature="()V" >
				<lines><line number="291"  hits="0" /></lines>
			</method>
			<method name="(anonymous_16)"  hits="5"  signature="()V" >
				<lines><line number="298"  hits="5" /></lines>
			</method>
			<method name="(anonymous_17)"  hits="5"  signature="()V" >
				<lines><line number="300"  hits="5" /></lines>
			</method>
			<method name="(anonymous_18)"  hits="2"  signature="()V" >
				<lines><line number="341"  hits="2" /></lines>
			</method>
			<method name="(anonymous_19)"  hits="2"  signature="()V" >
				<lines><line number="349"  hits="2" /></lines>
			</method>
			<method name="(anonymous_20)"  hits="1"  signature="()V" >
				<lines><line number="372"  hits="1" /></lines>
			</method>
			<method name="(anonymous_21)"  hits="1"  signature="()V" >
				<lines><line number="377"  hits="1" /></lines>
			</method>
			<method name="(anonymous_22)"  hits="8"  signature="()V" >
				<lines><line number="386"  hits="8" /></lines>
			</method>
			<method name="(anonymous_23)"  hits="1"  signature="()V" >
				<lines><line number="443"  hits="1" /></lines>
			</method>
			<method name="(anonymous_24)"  hits="1"  signature="()V" >
				<lines><line number="454"  hits="1" /></lines>
			</method>
			<method name="(anonymous_25)"  hits="1"  signature="()V" >
				<lines><line number="471"  hits="1" /></lines>
			</method>
			<method name="(anonymous_26)"  hits="2"  signature="()V" >
				<lines><line number="494"  hits="2" /></lines>
			</method>
			<method name="(anonymous_27)"  hits="0"  signature="()V" >
				<lines><line number="495"  hits="0" /></lines>
			</method>
			<method name="(anonymous_28)"  hits="0"  signature="()V" >
				<lines><line number="501"  hits="0" /></lines>
			</method>
			<method name="(anonymous_29)"  hits="0"  signature="()V" >
				<lines><line number="502"  hits="0" /></lines>
			</method>
			<method name="(anonymous_30)"  hits="0"  signature="()V" >
				<lines><line number="507"  hits="0" /></lines>
			</method>
			<method name="getScaleFactor"  hits="4"  signature="()V" >
				<lines><line number="517"  hits="4" /></lines>
			</method>
			<method name="processLinks"  hits="0"  signature="()V" >
				<lines><line number="531"  hits="0" /></lines>
			</method>
			<method name="(anonymous_33)"  hits="0"  signature="()V" >
				<lines><line number="536"  hits="0" /></lines>
			</method>
			<method name="(anonymous_34)"  hits="0"  signature="()V" >
				<lines><line number="545"  hits="0" /></lines>
			</method>
			<method name="processLinkEventHandler"  hits="0"  signature="()V" >
				<lines><line number="554"  hits="0" /></lines>
			</method>
			<method name="(anonymous_36)"  hits="0"  signature="()V" >
				<lines><line number="555"  hits="0" /></lines>
			</method>
		</methods>
		<lines>
			<line number="28"  hits="1"  branch="false" />
			<line number="31"  hits="1"  branch="false" />
			<line number="46"  hits="1"  branch="false" />
			<line number="48"  hits="1"  branch="false" />
			<line number="51"  hits="1"  branch="false" />
			<line number="61"  hits="21"  branch="false" />
			<line number="62"  hits="21"  branch="false" />
			<line number="67"  hits="21"  branch="false" />
			<line number="69"  hits="21"  branch="false" />
			<line number="70"  hits="2"  branch="true"  condition-coverage="100% (4/4)" />
			<line number="71"  hits="1"  branch="false" />
			<line number="74"  hits="21"  branch="false" />
			<line number="78"  hits="0"  branch="false" />
			<line number="82"  hits="6"  branch="false" />
			<line number="85"  hits="6"  branch="true"  condition-coverage="50% (1/2)" />
			<line number="86"  hits="0"  branch="false" />
			<line number="87"  hits="0"  branch="false" />
			<line number="90"  hits="6"  branch="false" />
			<line number="91"  hits="6"  branch="true"  condition-coverage="50% (1/2)" />
			<line number="93"  hits="6"  branch="false" />
			<line number="98"  hits="1"  branch="false" />
			<line number="100"  hits="1"  branch="true"  condition-coverage="50% (1/2)" />
			<line number="101"  hits="0"  branch="false" />
			<line number="103"  hits="1"  branch="true"  condition-coverage="50% (1/2)" />
			<line number="104"  hits="0"  branch="false" />
			<line number="107"  hits="1"  branch="false" />
			<line number="110"  hits="1"  branch="false" />
			<line number="112"  hits="1"  branch="false" />
			<line number="115"  hits="1"  branch="false" />
			<line number="116"  hits="1"  branch="false" />
			<line number="118"  hits="1"  branch="true"  condition-coverage="50% (1/2)" />
			<line number="120"  hits="0"  branch="false" />
			<line number="121"  hits="0"  branch="false" />
			<line number="125"  hits="1"  branch="false" />
			<line number="126"  hits="1"  branch="false" />
			<line number="129"  hits="1"  branch="false" />
			<line number="132"  hits="1"  branch="false" />
			<line number="136"  hits="0"  branch="false" />
			<line number="139"  hits="0"  branch="false" />
			<line number="141"  hits="0"  branch="true"  condition-coverage="0% (0/2)" />
			<line number="143"  hits="0"  branch="false" />
			<line number="147"  hits="0"  branch="false" />
			<line number="150"  hits="0"  branch="true"  condition-coverage="0% (0/2)" />
			<line number="151"  hits="0"  branch="false" />
			<line number="152"  hits="0"  branch="false" />
			<line number="155"  hits="0"  branch="false" />
			<line number="159"  hits="0"  branch="false" />
			<line number="163"  hits="0"  branch="false" />
			<line number="165"  hits="0"  branch="true"  condition-coverage="0% (0/2)" />
			<line number="167"  hits="0"  branch="false" />
			<line number="168"  hits="0"  branch="false" />
			<line number="169"  hits="0"  branch="true"  condition-coverage="0% (0/2)" />
			<line number="172"  hits="0"  branch="false" />
			<line number="173"  hits="0"  branch="false" />
			<line number="176"  hits="0"  branch="false" />
			<line number="179"  hits="0"  branch="true"  condition-coverage="0% (0/2)" />
			<line number="180"  hits="0"  branch="false" />
			<line number="181"  hits="0"  branch="false" />
			<line number="184"  hits="0"  branch="false" />
			<line number="188"  hits="2"  branch="false" />
			<line number="198"  hits="2"  branch="true"  condition-coverage="50% (1/2)" />
			<line number="200"  hits="2"  branch="false" />
			<line number="202"  hits="2"  branch="true"  condition-coverage="50% (1/2)" />
			<line number="204"  hits="2"  branch="true"  condition-coverage="50% (1/2)" />
			<line number="206"  hits="0"  branch="true"  condition-coverage="0% (0/2)" />
			<line number="207"  hits="0"  branch="false" />
			<line number="218"  hits="0"  branch="false" />
			<line number="227"  hits="0"  branch="false" />
			<line number="234"  hits="2"  branch="false" />
			<line number="236"  hits="2"  branch="true"  condition-coverage="50% (2/4)" />
			<line number="237"  hits="0"  branch="false" />
			<line number="240"  hits="2"  branch="false" />
			<line number="242"  hits="2"  branch="false" />
			<line number="245"  hits="2"  branch="true"  condition-coverage="50% (1/2)" />
			<line number="247"  hits="2"  branch="true"  condition-coverage="50% (1/2)" />
			<line number="248"  hits="0"  branch="false" />
			<line number="251"  hits="2"  branch="true"  condition-coverage="50% (1/2)" />
			<line number="253"  hits="2"  branch="false" />
			<line number="255"  hits="2"  branch="true"  condition-coverage="100% (4/4)" />
			<line number="256"  hits="1"  branch="false" />
			<line number="258"  hits="1"  branch="true"  condition-coverage="75% (3/4)" />
			<line number="259"  hits="1"  branch="false" />
			<line number="263"  hits="1"  branch="true"  condition-coverage="50% (1/2)" />
			<line number="264"  hits="0"  branch="false" />
			<line number="267"  hits="1"  branch="true"  condition-coverage="75% (3/4)" />
			<line number="268"  hits="1"  branch="false" />
			<line number="271"  hits="0"  branch="true"  condition-coverage="0% (0/2)" />
			<line number="275"  hits="1"  branch="true"  condition-coverage="100% (2/2)" />
			<line number="279"  hits="0"  branch="false" />
			<line number="280"  hits="0"  branch="false" />
			<line number="282"  hits="2"  branch="false" />
			<line number="286"  hits="0"  branch="false" />
			<line number="287"  hits="0"  branch="false" />
			<line number="289"  hits="0"  branch="false" />
			<line number="291"  hits="0"  branch="false" />
			<line number="292"  hits="0"  branch="false" />
			<line number="295"  hits="0"  branch="false" />
			<line number="300"  hits="5"  branch="false" />
			<line number="302"  hits="5"  branch="true"  condition-coverage="50% (1/2)" />
			<line number="303"  hits="0"  branch="false" />
			<line number="305"  hits="5"  branch="true"  condition-coverage="100% (2/2)" />
			<line number="306"  hits="4"  branch="false" />
			<line number="309"  hits="1"  branch="false" />
			<line number="310"  hits="1"  branch="true"  condition-coverage="50% (1/2)" />
			<line number="311"  hits="0"  branch="false" />
			<line number="314"  hits="1"  branch="true"  condition-coverage="50% (1/2)" />
			<line number="315"  hits="1"  branch="false" />
			<line number="324"  hits="0"  branch="false" />
			<line number="325"  hits="0"  branch="false" />
			<line number="326"  hits="0"  branch="false" />
			<line number="327"  hits="0"  branch="false" />
			<line number="330"  hits="1"  branch="false" />
			<line number="333"  hits="5"  branch="true"  condition-coverage="50% (1/2)" />
			<line number="335"  hits="0"  branch="false" />
			<line number="337"  hits="5"  branch="false" />
			<line number="342"  hits="2"  branch="true"  condition-coverage="50% (1/2)" />
			<line number="343"  hits="2"  branch="false" />
			<line number="346"  hits="0"  branch="false" />
			<line number="350"  hits="2"  branch="false" />
			<line number="352"  hits="2"  branch="true"  condition-coverage="50% (1/2)" />
			<line number="353"  hits="0"  branch="false" />
			<line number="356"  hits="2"  branch="false" />
			<line number="358"  hits="2"  branch="true"  condition-coverage="50% (1/2)" />
			<line number="359"  hits="0"  branch="false" />
			<line number="362"  hits="2"  branch="false" />
			<line number="364"  hits="2"  branch="true"  condition-coverage="100% (2/2)" />
			<line number="365"  hits="1"  branch="true"  condition-coverage="100% (2/2)" />
			<line number="367"  hits="1"  branch="false" />
			<line number="370"  hits="1"  branch="false" />
			<line number="372"  hits="1"  branch="false" />
			<line number="374"  hits="1"  branch="false" />
			<line number="375"  hits="1"  branch="false" />
			<line number="377"  hits="1"  branch="false" />
			<line number="378"  hits="1"  branch="false" />
			<line number="382"  hits="1"  branch="false" />
			<line number="387"  hits="8"  branch="false" />
			<line number="390"  hits="8"  branch="true"  condition-coverage="100% (2/2)" />
			<line number="391"  hits="2"  branch="false" />
			<line number="393"  hits="6"  branch="true"  condition-coverage="100% (2/2)" />
			<line number="394"  hits="3"  branch="false" />
			<line number="399"  hits="3"  branch="false" />
			<line number="401"  hits="3"  branch="true"  condition-coverage="50% (1/2)" />
			<line number="403"  hits="3"  branch="false" />
			<line number="405"  hits="3"  branch="true"  condition-coverage="100% (4/4)" />
			<line number="409"  hits="2"  branch="true"  condition-coverage="100% (2/2)" />
			<line number="410"  hits="1"  branch="false" />
			<line number="411"  hits="1"  branch="false" />
			<line number="415"  hits="3"  branch="true"  condition-coverage="100% (4/4)" />
			<line number="419"  hits="2"  branch="true"  condition-coverage="50% (1/2)" />
			<line number="420"  hits="0"  branch="false" />
			<line number="421"  hits="0"  branch="false" />
			<line number="426"  hits="3"  branch="false" />
			<line number="428"  hits="3"  branch="false" />
			<line number="430"  hits="3"  branch="true"  condition-coverage="100% (2/2)" />
			<line number="431"  hits="1"  branch="false" />
			<line number="434"  hits="3"  branch="true"  condition-coverage="100% (2/2)" />
			<line number="435"  hits="1"  branch="false" />
			<line number="440"  hits="8"  branch="false" />
			<line number="445"  hits="1"  branch="false" />
			<line number="447"  hits="1"  branch="true"  condition-coverage="50% (1/2)" />
			<line number="448"  hits="0"  branch="false" />
			<line number="451"  hits="1"  branch="false" />
			<line number="452"  hits="1"  branch="false" />
			<line number="454"  hits="1"  branch="false" />
			<line number="455"  hits="1"  branch="false" />
			<line number="460"  hits="1"  branch="true"  condition-coverage="50% (1/2)" />
			<line number="463"  hits="0"  branch="true"  condition-coverage="0% (0/2)" />
			<line number="464"  hits="0"  branch="false" />
			<line number="467"  hits="0"  branch="false" />
			<line number="472"  hits="1"  branch="false" />
			<line number="473"  hits="1"  branch="false" />
			<line number="487"  hits="1"  branch="true"  condition-coverage="50% (1/2)" />
			<line number="488"  hits="0"  branch="false" />
			<line number="491"  hits="1"  branch="false" />
			<line number="495"  hits="2"  branch="false" />
			<line number="496"  hits="0"  branch="true"  condition-coverage="0% (0/2)" />
			<line number="502"  hits="0"  branch="false" />
			<line number="503"  hits="0"  branch="false" />
			<line number="508"  hits="0"  branch="false" />
			<line number="513"  hits="0"  branch="false" />
			<line number="517"  hits="1"  branch="false" />
			<line number="518"  hits="4"  branch="false" />
			<line number="519"  hits="4"  branch="true"  condition-coverage="100% (2/2)" />
			<line number="520"  hits="2"  branch="false" />
			<line number="521"  hits="2"  branch="true"  condition-coverage="100% (2/2)" />
			<line number="522"  hits="1"  branch="false" />
			<line number="524"  hits="1"  branch="false" />
			<line number="525"  hits="1"  branch="true"  condition-coverage="50% (1/2)" />
			<line number="528"  hits="4"  branch="false" />
			<line number="531"  hits="1"  branch="false" />
			<line number="532"  hits="0"  branch="false" />
			<line number="534"  hits="0"  branch="false" />
			<line number="535"  hits="0"  branch="true"  condition-coverage="0% (0/4)" />
			<line number="536"  hits="0"  branch="false" />
			<line number="537"  hits="0"  branch="false" />
			<line number="544"  hits="0"  branch="true"  condition-coverage="0% (0/4)" />
			<line number="545"  hits="0"  branch="false" />
			<line number="546"  hits="0"  branch="false" />
			<line number="547"  hits="0"  branch="false" />
			<line number="550"  hits="0"  branch="false" />
			<line number="554"  hits="1"  branch="false" />
			<line number="555"  hits="0"  branch="false" />
			<line number="556"  hits="0"  branch="false" />
		</lines>
		</class>
	</classes>
	</package>
</packages>
</coverage>
